\BOOKMARK [0][-]{dummy.1}{\376\377\000A\000b\000s\000t\000r\000a\000c\000t}{}% 1
\BOOKMARK [0][-]{dummy.3}{\376\377\000T\000a\000b\000l\000e\000\040\000o\000f\000\040\000C\000o\000n\000t\000e\000n\000t\000s}{}% 2
\BOOKMARK [0][-]{dummy.5}{\376\377\000L\000i\000s\000t\000\040\000o\000f\000\040\000F\000i\000g\000u\000r\000e\000s}{}% 3
\BOOKMARK [0][-]{dummy.7}{\376\377\000L\000i\000s\000t\000\040\000o\000f\000\040\000T\000a\000b\000l\000e\000s}{}% 4
\BOOKMARK [0][-]{chapter.9}{\376\377\0001\000\040\000I\000n\000t\000r\000o\000d\000u\000c\000t\000i\000o\000n}{}% 5
\BOOKMARK [1][-]{section.10}{\376\377\0001\000.\0001\000\040\000U\000r\000b\000a\000n\000\040\000E\000l\000e\000c\000t\000r\000i\000f\000i\000c\000a\000t\000i\000o\000n\000\040\000a\000n\000d\000\040\000t\000h\000e\000\040\000I\000n\000f\000r\000a\000s\000t\000r\000u\000c\000t\000u\000r\000e\000\040\000C\000h\000a\000l\000l\000e\000n\000g\000e}{chapter.9}% 6
\BOOKMARK [1][-]{section.11}{\376\377\0001\000.\0002\000\040\000W\000h\000y\000\040\000F\000a\000s\000t\000-\000C\000h\000a\000r\000g\000i\000n\000g\000\040\000P\000l\000a\000n\000n\000i\000n\000g\000\040\000I\000s\000\040\000a\000\040\000H\000a\000r\000d\000\040\000P\000r\000o\000b\000l\000e\000m}{chapter.9}% 7
\BOOKMARK [1][-]{section.12}{\376\377\0001\000.\0003\000\040\000T\000h\000e\000\040\000F\000i\000v\000e\000-\000G\000a\000p\000\040\000F\000r\000a\000m\000e\000w\000o\000r\000k}{chapter.9}% 8
\BOOKMARK [1][-]{section.13}{\376\377\0001\000.\0004\000\040\000S\000c\000o\000p\000e\000\040\000a\000n\000d\000\040\000C\000o\000n\000t\000r\000i\000b\000u\000t\000i\000o\000n\000\040\000o\000f\000\040\000T\000h\000i\000s\000\040\000P\000r\000o\000p\000o\000s\000a\000l}{chapter.9}% 9
\BOOKMARK [1][-]{section.14}{\376\377\0001\000.\0005\000\040\000S\000t\000r\000u\000c\000t\000u\000r\000e\000\040\000o\000f\000\040\000t\000h\000e\000\040\000P\000r\000o\000p\000o\000s\000a\000l}{chapter.9}% 10
\BOOKMARK [0][-]{chapter.15}{\376\377\0002\000\040\000S\000y\000s\000t\000e\000m\000a\000t\000i\000c\000\040\000R\000e\000v\000i\000e\000w\000\040\000M\000e\000t\000h\000o\000d\000o\000l\000o\000g\000y}{}% 11
\BOOKMARK [1][-]{section.16}{\376\377\0002\000.\0001\000\040\000R\000e\000v\000i\000e\000w\000\040\000P\000r\000o\000t\000o\000c\000o\000l\000\040\000a\000n\000d\000\040\000R\000e\000g\000i\000s\000t\000r\000a\000t\000i\000o\000n}{chapter.15}% 12
\BOOKMARK [1][-]{section.17}{\376\377\0002\000.\0002\000\040\000S\000e\000a\000r\000c\000h\000\040\000S\000t\000r\000a\000t\000e\000g\000y}{chapter.15}% 13
\BOOKMARK [1][-]{section.18}{\376\377\0002\000.\0003\000\040\000P\000R\000I\000S\000M\000A\000\040\000F\000l\000o\000w}{chapter.15}% 14
\BOOKMARK [1][-]{section.20}{\376\377\0002\000.\0004\000\040\000I\000n\000c\000l\000u\000s\000i\000o\000n\000\040\000a\000n\000d\000\040\000E\000x\000c\000l\000u\000s\000i\000o\000n\000\040\000C\000r\000i\000t\000e\000r\000i\000a}{chapter.15}% 15
\BOOKMARK [1][-]{section.21}{\376\377\0002\000.\0005\000\040\000D\000a\000t\000a\000\040\000E\000x\000t\000r\000a\000c\000t\000i\000o\000n}{chapter.15}% 16
\BOOKMARK [1][-]{section.22}{\376\377\0002\000.\0006\000\040\000Q\000u\000a\000l\000i\000t\000y\000\040\000A\000s\000s\000e\000s\000s\000m\000e\000n\000t}{chapter.15}% 17
\BOOKMARK [0][-]{chapter.23}{\376\377\0003\000\040\000R\000e\000l\000a\000t\000e\000d\000\040\000W\000o\000r\000k}{}% 18
\BOOKMARK [1][-]{section.24}{\376\377\0003\000.\0001\000\040\000S\000p\000a\000t\000i\000a\000l\000\040\000O\000p\000t\000i\000m\000i\000z\000a\000t\000i\000o\000n\000\040\000f\000o\000r\000\040\000C\000h\000a\000r\000g\000i\000n\000g\000\040\000S\000t\000a\000t\000i\000o\000n\000\040\000P\000l\000a\000c\000e\000m\000e\000n\000t}{chapter.23}% 19
\BOOKMARK [1][-]{section.25}{\376\377\0003\000.\0002\000\040\000E\000q\000u\000i\000t\000y\000\040\000C\000o\000n\000s\000i\000d\000e\000r\000a\000t\000i\000o\000n\000s\000\040\000i\000n\000\040\000C\000h\000a\000r\000g\000i\000n\000g\000\040\000I\000n\000f\000r\000a\000s\000t\000r\000u\000c\000t\000u\000r\000e\000\040\000P\000l\000a\000n\000n\000i\000n\000g}{chapter.23}% 20
\BOOKMARK [1][-]{section.26}{\376\377\0003\000.\0003\000\040\000U\000t\000i\000l\000i\000z\000a\000t\000i\000o\000n\000\040\000a\000n\000d\000\040\000D\000e\000m\000a\000n\000d\000\040\000M\000o\000d\000e\000l\000i\000n\000g}{chapter.23}% 21
\BOOKMARK [1][-]{section.27}{\376\377\0003\000.\0004\000\040\000P\000h\000a\000s\000e\000d\000\040\000a\000n\000d\000\040\000S\000e\000q\000u\000e\000n\000t\000i\000a\000l\000\040\000D\000e\000p\000l\000o\000y\000m\000e\000n\000t}{chapter.23}% 22
\BOOKMARK [1][-]{section.28}{\376\377\0003\000.\0005\000\040\000Z\000o\000n\000i\000n\000g\000\040\000a\000n\000d\000\040\000L\000a\000n\000d\000-\000U\000s\000e\000\040\000C\000o\000m\000p\000a\000t\000i\000b\000i\000l\000i\000t\000y}{chapter.23}% 23
\BOOKMARK [1][-]{section.29}{\376\377\0003\000.\0006\000\040\000M\000e\000s\000o\000-\000M\000i\000c\000r\000o\000\040\000P\000l\000a\000n\000n\000i\000n\000g\000\040\000I\000n\000t\000e\000g\000r\000a\000t\000i\000o\000n}{chapter.23}% 24
\BOOKMARK [1][-]{section.30}{\376\377\0003\000.\0007\000\040\000E\000x\000i\000s\000t\000i\000n\000g\000\040\000R\000e\000v\000i\000e\000w\000s\000\040\000a\000n\000d\000\040\000M\000e\000t\000a\000-\000A\000n\000a\000l\000y\000s\000e\000s}{chapter.23}% 25
\BOOKMARK [1][-]{section.31}{\376\377\0003\000.\0008\000\040\000R\000e\000l\000a\000t\000e\000d\000\040\000I\000n\000f\000r\000a\000s\000t\000r\000u\000c\000t\000u\000r\000e\000\040\000P\000l\000a\000n\000n\000i\000n\000g\000\040\000A\000p\000p\000r\000o\000a\000c\000h\000e\000s}{chapter.23}% 26
\BOOKMARK [0][-]{chapter.32}{\376\377\0004\000\040\000R\000e\000s\000e\000a\000r\000c\000h\000\040\000G\000a\000p\000\040\000A\000n\000a\000l\000y\000s\000i\000s}{}% 27
\BOOKMARK [1][-]{section.33}{\376\377\0004\000.\0001\000\040\000G\000a\000p\000\040\0001\000:\000\040\000M\000i\000s\000a\000l\000i\000g\000n\000e\000d\000\040\000S\000p\000a\000t\000i\000a\000l\000\040\000U\000n\000i\000t\000s}{chapter.32}% 28
\BOOKMARK [1][-]{section.34}{\376\377\0004\000.\0002\000\040\000G\000a\000p\000\040\0002\000:\000\040\000L\000a\000c\000k\000\040\000o\000f\000\040\000Z\000o\000n\000i\000n\000g\000\040\000I\000m\000p\000a\000c\000t\000\040\000A\000n\000a\000l\000y\000s\000i\000s}{chapter.32}% 29
\BOOKMARK [1][-]{section.35}{\376\377\0004\000.\0003\000\040\000G\000a\000p\000\040\0003\000:\000\040\000E\000q\000u\000i\000t\000y\000\040\000a\000n\000d\000\040\000U\000t\000i\000l\000i\000z\000a\000t\000i\000o\000n\000\040\000S\000e\000p\000a\000r\000a\000t\000i\000o\000n}{chapter.32}% 30
\BOOKMARK [1][-]{section.36}{\376\377\0004\000.\0004\000\040\000G\000a\000p\000\040\0004\000:\000\040\000S\000t\000a\000t\000i\000c\000\040\000O\000p\000t\000i\000m\000i\000z\000a\000t\000i\000o\000n\000\040\000D\000o\000m\000i\000n\000a\000n\000c\000e}{chapter.32}% 31
\BOOKMARK [1][-]{section.37}{\376\377\0004\000.\0005\000\040\000G\000a\000p\000\040\0005\000:\000\040\000M\000i\000s\000s\000i\000n\000g\000\040\000M\000e\000s\000o\000-\000M\000i\000c\000r\000o\000\040\000I\000n\000t\000e\000g\000r\000a\000t\000i\000o\000n}{chapter.32}% 32
\BOOKMARK [1][-]{section.38}{\376\377\0004\000.\0006\000\040\000O\000v\000e\000r\000a\000l\000l\000\040\000G\000a\000p\000\040\000C\000o\000v\000e\000r\000a\000g\000e\000\040\000S\000u\000m\000m\000a\000r\000y}{chapter.32}% 33
\BOOKMARK [1][-]{section.39}{\376\377\0004\000.\0007\000\040\000M\000e\000t\000h\000o\000d\000o\000l\000o\000g\000y\000\040\000D\000i\000s\000t\000r\000i\000b\000u\000t\000i\000o\000n\000\040\000A\000c\000r\000o\000s\000s\000\040\000t\000h\000e\000\040\000C\000o\000r\000p\000u\000s}{chapter.32}% 34
\BOOKMARK [0][-]{chapter.40}{\376\377\0005\000\040\000R\000e\000s\000e\000a\000r\000c\000h\000\040\000Q\000u\000e\000s\000t\000i\000o\000n\000s}{}% 35
\BOOKMARK [1][-]{section.41}{\376\377\0005\000.\0001\000\040\000R\000Q\0001\000:\000\040\000S\000p\000a\000t\000i\000a\000l\000\040\000U\000n\000i\000t\000\040\000D\000e\000s\000i\000g\000n\000\040\000a\000n\000d\000\040\000Z\000o\000n\000i\000n\000g\000\040\000S\000c\000h\000e\000m\000a\000\040\000C\000o\000m\000p\000a\000r\000i\000s\000o\000n\000\040\000\050\000G\000a\000p\000s\000\040\0001\000\040\000a\000n\000d\000\040\0002\000\051}{chapter.40}% 36
\BOOKMARK [1][-]{section.42}{\376\377\0005\000.\0002\000\040\000R\000Q\0002\000:\000\040\000J\000o\000i\000n\000t\000\040\000E\000q\000u\000i\000t\000y\000-\000U\000t\000i\000l\000i\000z\000a\000t\000i\000o\000n\000\040\000O\000p\000t\000i\000m\000i\000z\000a\000t\000i\000o\000n\000\040\000\050\000G\000a\000p\000\040\0003\000\051}{chapter.40}% 37
\BOOKMARK [1][-]{section.43}{\376\377\0005\000.\0003\000\040\000R\000Q\0003\000:\000\040\000A\000d\000a\000p\000t\000i\000v\000e\000\040\000P\000h\000a\000s\000e\000d\000\040\000D\000e\000p\000l\000o\000y\000m\000e\000n\000t\000\040\000\050\000G\000a\000p\000\040\0004\000\051}{chapter.40}% 38
\BOOKMARK [1][-]{section.44}{\376\377\0005\000.\0004\000\040\000R\000Q\0004\000:\000\040\000M\000e\000s\000o\000-\000t\000o\000-\000M\000i\000c\000r\000o\000\040\000S\000i\000t\000e\000\040\000T\000r\000a\000n\000s\000l\000a\000t\000i\000o\000n\000\040\000\050\000G\000a\000p\000\040\0005\000\051}{chapter.40}% 39
\BOOKMARK [0][-]{chapter.45}{\376\377\0006\000\040\000P\000r\000o\000p\000o\000s\000e\000d\000\040\000R\000e\000s\000e\000a\000r\000c\000h\000\040\000F\000r\000a\000m\000e\000w\000o\000r\000k}{}% 40
\BOOKMARK [1][-]{section.46}{\376\377\0006\000.\0001\000\040\000F\000r\000a\000m\000e\000w\000o\000r\000k\000\040\000O\000v\000e\000r\000v\000i\000e\000w}{chapter.45}% 41
\BOOKMARK [1][-]{section.47}{\376\377\0006\000.\0002\000\040\000S\000t\000a\000g\000e\000\040\000A\000:\000\040\000M\000o\000b\000i\000l\000i\000t\000y\000-\000C\000o\000r\000r\000i\000d\000o\000r\000\040\000S\000p\000a\000t\000i\000a\000l\000\040\000U\000n\000i\000t\000\040\000C\000o\000n\000s\000t\000r\000u\000c\000t\000i\000o\000n}{chapter.45}% 42
\BOOKMARK [1][-]{section.48}{\376\377\0006\000.\0003\000\040\000S\000t\000a\000g\000e\000\040\000B\000:\000\040\000J\000o\000i\000n\000t\000\040\000E\000q\000u\000i\000t\000y\000-\000U\000t\000i\000l\000i\000z\000a\000t\000i\000o\000n\000\040\000A\000d\000a\000p\000t\000i\000v\000e\000\040\000P\000h\000a\000s\000e\000d\000\040\000R\000o\000l\000l\000o\000u\000t\000\040\000O\000p\000t\000i\000m\000i\000z\000a\000t\000i\000o\000n}{chapter.45}% 43
\BOOKMARK [1][-]{section.49}{\376\377\0006\000.\0004\000\040\000S\000t\000a\000g\000e\000\040\000C\000:\000\040\000M\000e\000s\000o\000-\000t\000o\000-\000M\000i\000c\000r\000o\000\040\000S\000i\000t\000e\000\040\000T\000r\000a\000n\000s\000l\000a\000t\000i\000o\000n\000\040\000P\000r\000o\000t\000o\000c\000o\000l}{chapter.45}% 44
\BOOKMARK [1][-]{section.50}{\376\377\0006\000.\0005\000\040\000C\000o\000m\000p\000a\000r\000i\000s\000o\000n\000\040\000w\000i\000t\000h\000\040\000E\000x\000i\000s\000t\000i\000n\000g\000\040\000A\000p\000p\000r\000o\000a\000c\000h\000e\000s}{chapter.45}% 45
\BOOKMARK [1][-]{section.51}{\376\377\0006\000.\0006\000\040\000S\000t\000u\000d\000y\000\040\000A\000r\000e\000a\000\040\000a\000n\000d\000\040\000D\000a\000t\000a\000\040\000R\000e\000q\000u\000i\000r\000e\000m\000e\000n\000t\000s}{chapter.45}% 46
\BOOKMARK [0][-]{chapter.52}{\376\377\0007\000\040\000P\000r\000e\000l\000i\000m\000i\000n\000a\000r\000y\000\040\000S\000t\000u\000d\000y}{}% 47
\BOOKMARK [1][-]{section.53}{\376\377\0007\000.\0001\000\040\000R\000e\000t\000h\000i\000n\000k\000i\000n\000g\000\040\000S\000p\000a\000t\000i\000a\000l\000\040\000U\000n\000i\000t\000s\000\040\000i\000n\000\040\000B\000E\000V\000\040\000F\000a\000s\000t\000\040\000C\000h\000a\000r\000g\000i\000n\000g\000\040\000P\000l\000a\000n\000n\000i\000n\000g\000:\000\040\000A\000\040\000M\000e\000s\000o\000-\000L\000e\000v\000e\000l\000\040\000M\000o\000b\000i\000l\000i\000t\000y\000-\000B\000a\000s\000e\000d\000\040\000A\000p\000p\000r\000o\000a\000c\000h}{chapter.52}% 48
\BOOKMARK [2][-]{subsection.54}{\376\377\0007\000.\0001\000.\0001\000\040\000I\000n\000t\000r\000o\000d\000u\000c\000t\000i\000o\000n}{section.53}% 49
\BOOKMARK [2][-]{subsection.55}{\376\377\0007\000.\0001\000.\0002\000\040\000L\000i\000t\000e\000r\000a\000t\000u\000r\000e\000\040\000R\000e\000v\000i\000e\000w}{section.53}% 50
\BOOKMARK [2][-]{subsection.57}{\376\377\0007\000.\0001\000.\0003\000\040\000M\000e\000t\000h\000o\000d\000o\000l\000o\000g\000y}{section.53}% 51
\BOOKMARK [3][-]{subsubsection.58}{\376\377\0007\000.\0001\000.\0003\000.\0001\000\040\000P\000r\000e\000l\000i\000m\000i\000n\000a\000r\000i\000e\000s}{subsection.57}% 52
\BOOKMARK [3][-]{subsubsection.60}{\376\377\0007\000.\0001\000.\0003\000.\0002\000\040\000F\000r\000o\000m\000\040\000c\000e\000n\000t\000r\000e\000l\000i\000n\000e\000s\000\040\000t\000o\000\040\000a\000r\000t\000e\000r\000i\000a\000l\000\040\000z\000o\000n\000e\000s}{subsection.57}% 53
\BOOKMARK [3][-]{subsubsection.63}{\376\377\0007\000.\0001\000.\0003\000.\0003\000\040\000F\000r\000o\000m\000\040\000f\000s\000a\000-\000l\000e\000v\000e\000l\000\040\000b\000e\000v\000\040\000c\000o\000u\000n\000t\000s\000\040\000t\000o\000\040\000a\000r\000t\000e\000r\000i\000a\000l\000\040\000z\000o\000n\000e\000s\000'\000\040\000b\000e\000v\000\040\000d\000e\000n\000s\000i\000t\000i\000e\000s}{subsection.57}% 54
\BOOKMARK [3][-]{subsubsection.77}{\376\377\0007\000.\0001\000.\0003\000.\0004\000\040\000G\000r\000a\000p\000h\000\040\000c\000o\000n\000s\000t\000r\000u\000c\000t\000i\000o\000n\000\040\000a\000n\000d\000\040\000h\000o\000p\000\040\000d\000i\000s\000t\000a\000n\000c\000e}{subsection.57}% 55
\BOOKMARK [3][-]{subsubsection.84}{\376\377\0007\000.\0001\000.\0003\000.\0005\000\040\000W\000e\000i\000g\000h\000t\000e\000d\000\040\000n\000-\000h\000o\000p\000\040\000s\000m\000o\000o\000t\000h\000i\000n\000g}{subsection.57}% 56
\BOOKMARK [3][-]{subsubsection.87}{\376\377\0007\000.\0001\000.\0003\000.\0006\000\040\000R\000i\000d\000g\000e\000\040\000p\000a\000t\000h\000s\000\040\000a\000s\000\040\000b\000e\000v\000\040\000a\000c\000t\000i\000v\000i\000t\000y\000\040\000b\000a\000c\000k\000b\000o\000n\000e\000s}{subsection.57}% 57
\BOOKMARK [4][-]{section*.88}{\376\377\000R\000i\000d\000g\000e\000\040\000p\000a\000t\000h\000\040\000e\000x\000t\000r\000a\000c\000t\000i\000o\000n}{subsubsection.87}% 58
\BOOKMARK [3][-]{subsubsection.107}{\376\377\0007\000.\0001\000.\0003\000.\0007\000\040\000G\000r\000a\000p\000h\000-\000b\000a\000s\000e\000d\000\040\000p\000r\000o\000x\000i\000m\000i\000t\000y\000\040\000e\000v\000a\000l\000u\000a\000t\000i\000o\000n}{subsection.57}% 59
\BOOKMARK [4][-]{section*.108}{\376\377\000C\000h\000a\000r\000g\000e\000r\000\040\000c\000a\000p\000a\000c\000i\000t\000y\000\040\000d\000e\000n\000s\000i\000t\000y\000\040\000a\000s\000\040\000s\000u\000p\000p\000l\000y\000\040\000p\000r\000o\000x\000y}{subsubsection.107}% 60
\BOOKMARK [4][-]{equation.115}{\376\377\000W\000e\000i\000g\000h\000t\000e\000d\000\040\000p\000r\000o\000x\000i\000m\000i\000t\000y\000\040\000d\000i\000s\000t\000a\000n\000c\000e\000\040\000m\000e\000t\000r\000i\000c}{subsubsection.107}% 61
\BOOKMARK [4][-]{equation.116}{\376\377\000P\000r\000o\000x\000i\000m\000i\000t\000y\000\040\000E\000v\000a\000l\000u\000a\000t\000i\000o\000n\000\040\000A\000l\000g\000o\000r\000i\000t\000h\000m}{subsubsection.107}% 62
\BOOKMARK [3][-]{subsubsection.124}{\376\377\0007\000.\0001\000.\0003\000.\0008\000\040\000E\000v\000a\000l\000u\000a\000t\000i\000n\000g\000\040\000c\000h\000a\000r\000g\000e\000r\040\023\000a\000c\000t\000i\000v\000i\000t\000y\000\040\000s\000p\000a\000t\000i\000a\000l\000\040\000a\000l\000i\000g\000n\000m\000e\000n\000t}{subsection.57}% 63
\BOOKMARK [4][-]{section*.125}{\376\377\000N\000u\000l\000l\000\040\000d\000i\000s\000t\000r\000i\000b\000u\000t\000i\000o\000n\000\040\000c\000o\000n\000s\000t\000r\000u\000c\000t\000i\000o\000n}{subsubsection.124}% 64
\BOOKMARK [4][-]{equation.128}{\376\377\000E\000l\000b\000o\000w\000\040\000a\000n\000a\000l\000y\000s\000i\000s\000\040\000f\000o\000r\000\040\000c\000o\000n\000v\000e\000r\000g\000e\000n\000c\000e\000\040\000d\000e\000t\000e\000c\000t\000i\000o\000n}{subsubsection.124}% 65
\BOOKMARK [2][-]{subsection.133}{\376\377\0007\000.\0001\000.\0004\000\040\000C\000a\000s\000e\000\040\000s\000t\000u\000d\000y}{section.53}% 66
\BOOKMARK [3][-]{subsubsection.134}{\376\377\0007\000.\0001\000.\0004\000.\0001\000\040\000S\000t\000u\000d\000y\000\040\000a\000r\000e\000a\000\040\000a\000n\000d\000\040\000d\000a\000t\000a\000s\000e\000t\000s}{subsection.133}% 67
\BOOKMARK [3][-]{subsubsection.135}{\376\377\0007\000.\0001\000.\0004\000.\0002\000\040\000A\000r\000t\000e\000r\000i\000a\000l\000\040\000z\000o\000n\000e\000\040\000e\000x\000t\000r\000a\000c\000t\000i\000o\000n}{subsection.133}% 68
\BOOKMARK [3][-]{subsubsection.138}{\376\377\0007\000.\0001\000.\0004\000.\0003\000\040\000A\000r\000t\000e\000r\000i\000a\000l\000\040\000z\000o\000n\000e\000s\000'\000\040\000b\000e\000v\000\040\000d\000e\000n\000s\000i\000t\000i\000e\000s}{subsection.133}% 69
\BOOKMARK [3][-]{subsubsection.141}{\376\377\0007\000.\0001\000.\0004\000.\0004\000\040\000G\000r\000a\000p\000h\000\040\000c\000o\000n\000s\000t\000r\000a\000c\000t\000i\000o\000n}{subsection.133}% 70
\BOOKMARK [4][-]{section*.142}{\376\377\000G\000r\000a\000p\000h\000-\000t\000h\000e\000o\000r\000e\000t\000i\000c\000\040\000a\000n\000a\000l\000y\000s\000i\000s\000\040\000o\000f\000\040\000t\000h\000e\000\040\000a\000r\000t\000e\000r\000i\000a\000l\000\040\000a\000d\000j\000a\000c\000e\000n\000c\000y\000\040\000n\000e\000t\000w\000o\000r\000k}{subsubsection.141}% 71
\BOOKMARK [4][-]{section*.142}{\376\377\000R\000i\000d\000g\000e\000\040\000p\000a\000t\000h\000\040\000e\000x\000t\000r\000a\000c\000t\000i\000o\000n}{subsubsection.141}% 72
\BOOKMARK [3][-]{subsubsection.146}{\376\377\0007\000.\0001\000.\0004\000.\0005\000\040\000P\000r\000o\000x\000i\000m\000i\000t\000y\000\040\000a\000n\000a\000l\000y\000s\000i\000s\000\040\000b\000e\000t\000w\000e\000e\000n\000\040\000r\000i\000d\000g\000e\000\040\000z\000o\000n\000e\000s\000\040\000a\000n\000d\000\040\000t\000h\000e\000\040\000d\000c\000f\000c\000\040\000n\000e\000t\000w\000o\000r\000k}{subsection.133}% 73
\BOOKMARK [2][-]{subsection.151}{\376\377\0007\000.\0001\000.\0005\000\040\000C\000o\000n\000c\000l\000u\000s\000i\000o\000n}{section.53}% 74
\BOOKMARK [2][-]{subsection.152}{\376\377\0007\000.\0001\000.\0006\000\040\000F\000u\000t\000u\000r\000e\000\040\000d\000i\000r\000e\000c\000t\000i\000o\000n\000s}{section.53}% 75
