This is pdfTeX, Version 3.141592653-2.6-1.40.27 (MiKTeX 25.4) (preloaded format=pdflatex 2025.8.25)  29 APR 2026 08:26
entering extended mode
 restricted \write18 enabled.
 %&-line parsing enabled.
**./proposal_york.tex
(proposal_york.tex
LaTeX2e <2025-06-01> patch level 1
L3 programming layer <2025-07-20>
(C:\Program Files\MiKTeX\tex/latex/base\article.cls
Document Class: article 2025/01/22 v1.4n Standard LaTeX document class
(C:\Program Files\MiKTeX\tex/latex/base\size12.clo
File: size12.clo 2025/01/22 v1.4n Standard LaTeX file (size option)
)
\c@part=\count275
\c@section=\count276
\c@subsection=\count277
\c@subsubsection=\count278
\c@paragraph=\count279
\c@subparagraph=\count280
\c@figure=\count281
\c@table=\count282
\abovecaptionskip=\skip49
\belowcaptionskip=\skip50
\bibindent=\dimen148
)
(C:\Program Files\MiKTeX\tex/latex/geometry\geometry.sty
Package: geometry 2020/01/02 v5.9 Page Geometry

(C:\Program Files\MiKTeX\tex/latex/graphics\keyval.sty
Package: keyval 2022/05/29 v1.15 key=value parser (DPC)
\KV@toks@=\toks17
)
(C:\Program Files\MiKTeX\tex/generic/iftex\ifvtex.sty
Package: ifvtex 2019/10/25 v1.7 ifvtex legacy package. Use iftex instead.

(C:\Program Files\MiKTeX\tex/generic/iftex\iftex.sty
Package: iftex 2024/12/12 v1.0g TeX engine tests
))
\Gm@cnth=\count283
\Gm@cntv=\count284
\c@Gm@tempcnt=\count285
\Gm@bindingoffset=\dimen149
\Gm@wd@mp=\dimen150
\Gm@odd@mp=\dimen151
\Gm@even@mp=\dimen152
\Gm@layoutwidth=\dimen153
\Gm@layoutheight=\dimen154
\Gm@layouthoffset=\dimen155
\Gm@layoutvoffset=\dimen156
\Gm@dimlist=\toks18

(C:\Program Files\MiKTeX\tex/latex/geometry\geometry.cfg))
(C:\Program Files\MiKTeX\tex/latex/setspace\setspace.sty
Package: setspace 2022/12/04 v6.7b set line spacing
)
(C:\Program Files\MiKTeX\tex/latex/psnfss\mathptmx.sty
Package: mathptmx 2020/03/25 PSNFSS-v9.3 Times w/ Math, improved (SPQR, WaS) 
LaTeX Font Info:    Redeclaring symbol font `operators' on input line 28.
LaTeX Font Info:    Overwriting symbol font `operators' in version `normal'
(Font)                  OT1/cmr/m/n --> OT1/ztmcm/m/n on input line 28.
LaTeX Font Info:    Overwriting symbol font `operators' in version `bold'
(Font)                  OT1/cmr/bx/n --> OT1/ztmcm/m/n on input line 28.
LaTeX Font Info:    Redeclaring symbol font `letters' on input line 29.
LaTeX Font Info:    Overwriting symbol font `letters' in version `normal'
(Font)                  OML/cmm/m/it --> OML/ztmcm/m/it on input line 29.
LaTeX Font Info:    Overwriting symbol font `letters' in version `bold'
(Font)                  OML/cmm/b/it --> OML/ztmcm/m/it on input line 29.
LaTeX Font Info:    Redeclaring symbol font `symbols' on input line 30.
LaTeX Font Info:    Overwriting symbol font `symbols' in version `normal'
(Font)                  OMS/cmsy/m/n --> OMS/ztmcm/m/n on input line 30.
LaTeX Font Info:    Overwriting symbol font `symbols' in version `bold'
(Font)                  OMS/cmsy/b/n --> OMS/ztmcm/m/n on input line 30.
LaTeX Font Info:    Redeclaring symbol font `largesymbols' on input line 31.
LaTeX Font Info:    Overwriting symbol font `largesymbols' in version `normal'
(Font)                  OMX/cmex/m/n --> OMX/ztmcm/m/n on input line 31.
LaTeX Font Info:    Overwriting symbol font `largesymbols' in version `bold'
(Font)                  OMX/cmex/m/n --> OMX/ztmcm/m/n on input line 31.
\symbold=\mathgroup4
\symitalic=\mathgroup5
LaTeX Font Info:    Redeclaring math alphabet \mathbf on input line 34.
LaTeX Font Info:    Overwriting math alphabet `\mathbf' in version `normal'
(Font)                  OT1/cmr/bx/n --> OT1/ptm/bx/n on input line 34.
LaTeX Font Info:    Overwriting math alphabet `\mathbf' in version `bold'
(Font)                  OT1/cmr/bx/n --> OT1/ptm/bx/n on input line 34.
LaTeX Font Info:    Redeclaring math alphabet \mathit on input line 35.
LaTeX Font Info:    Overwriting math alphabet `\mathit' in version `normal'
(Font)                  OT1/cmr/m/it --> OT1/ptm/m/it on input line 35.
LaTeX Font Info:    Overwriting math alphabet `\mathit' in version `bold'
(Font)                  OT1/cmr/bx/it --> OT1/ptm/m/it on input line 35.
LaTeX Info: Redefining \hbar on input line 50.
)
(C:\Program Files\MiKTeX\tex/latex/microtype\microtype.sty
Package: microtype 2026/03/01 v3.2d Micro-typographical refinements (RS)

(C:\Program Files\MiKTeX\tex/latex/etoolbox\etoolbox.sty
Package: etoolbox 2025/02/11 v2.5l e-TeX tools for LaTeX (JAW)
\etb@tempcnta=\count286
)
\MT@toks=\toks19
\MT@tempbox=\box53
\MT@count=\count287
LaTeX Info: Redefining \noprotrusionifhmode on input line 1084.
LaTeX Info: Redefining \leftprotrusion on input line 1085.
\MT@prot@toks=\toks20
LaTeX Info: Redefining \rightprotrusion on input line 1104.
LaTeX Info: Redefining \textls on input line 1449.
\MT@outer@kern=\dimen157
LaTeX Info: Redefining \microtypecontext on input line 2053.
LaTeX Info: Redefining \textmicrotypecontext on input line 2070.
\MT@listname@count=\count288

(C:\Program Files\MiKTeX\tex/latex/microtype\microtype-pdftex.def
File: microtype-pdftex.def 2026/03/01 v3.2d Definitions specific to pdftex (RS)

LaTeX Info: Redefining \lsstyle on input line 944.
LaTeX Info: Redefining \lslig on input line 944.
\MT@outer@space=\skip51
)
Package microtype Info: Loading configuration file microtype.cfg.

(C:\Program Files\MiKTeX\tex/latex/microtype\microtype.cfg
File: microtype.cfg 2026/03/01 v3.2d microtype main configuration file (RS)
)
LaTeX Info: Redefining \microtypesetup on input line 3065.
)
(C:\Program Files\MiKTeX\tex/latex/parskip\parskip.sty
Package: parskip 2021-03-14 v2.0h non-zero parskip adjustments

(C:\Program Files\MiKTeX\tex/latex/kvoptions\kvoptions.sty
Package: kvoptions 2022-06-15 v3.15 Key value format for package options (HO)

(C:\Program Files\MiKTeX\tex/generic/ltxcmds\ltxcmds.sty
Package: ltxcmds 2023-12-04 v1.26 LaTeX kernel commands for general use (HO)
)
(C:\Program Files\MiKTeX\tex/latex/kvsetkeys\kvsetkeys.sty
Package: kvsetkeys 2022-10-05 v1.19 Key value parser (HO)
)))
(C:\Program Files\MiKTeX\tex/latex/titlesec\titlesec.sty
Package: titlesec 2025/01/04 v2.17 Sectioning titles
\ttl@box=\box54
\beforetitleunit=\skip52
\aftertitleunit=\skip53
\ttl@plus=\dimen158
\ttl@minus=\dimen159
\ttl@toksa=\toks21
\titlewidth=\dimen160
\titlewidthlast=\dimen161
\titlewidthfirst=\dimen162
)
(C:\Program Files\MiKTeX\tex/latex/booktabs\booktabs.sty
Package: booktabs 2020/01/12 v1.61803398 Publication quality tables
\heavyrulewidth=\dimen163
\lightrulewidth=\dimen164
\cmidrulewidth=\dimen165
\belowrulesep=\dimen166
\belowbottomsep=\dimen167
\aboverulesep=\dimen168
\abovetopsep=\dimen169
\cmidrulesep=\dimen170
\cmidrulekern=\dimen171
\defaultaddspace=\dimen172
\@cmidla=\count289
\@cmidlb=\count290
\@aboverulesep=\dimen173
\@belowrulesep=\dimen174
\@thisruleclass=\count291
\@lastruleclass=\count292
\@thisrulewidth=\dimen175
)
(C:\Program Files\MiKTeX\tex/latex/tools\array.sty
Package: array 2025/06/08 v2.6j Tabular extension package (FMi)
\col@sep=\dimen176
\ar@mcellbox=\box55
\extrarowheight=\dimen177
\NC@list=\toks22
\extratabsurround=\skip54
\backup@length=\skip55
\ar@cellbox=\box56
)
(C:\Program Files\MiKTeX\tex/latex/tools\tabularx.sty
Package: tabularx 2023/12/11 v2.12a `tabularx' package (DPC)
\TX@col@width=\dimen178
\TX@old@table=\dimen179
\TX@old@col=\dimen180
\TX@target=\dimen181
\TX@delta=\dimen182
\TX@cols=\count293
\TX@ftn=\toks23
)
(C:\Program Files\MiKTeX\tex/latex/enumitem\enumitem.sty
Package: enumitem 2025/02/06 v3.11 Customized lists
\labelindent=\skip56
\enit@outerparindent=\dimen183
\enit@toks=\toks24
\enit@inbox=\box57
\enit@count@id=\count294
\enitdp@description=\count295
)
(C:\Program Files\MiKTeX\tex/latex/tools\longtable.sty
Package: longtable 2024-12-18 v4.23 Multi-page Table package (DPC)
\LTleft=\skip57
\LTright=\skip58
\LTpre=\skip59
\LTpost=\skip60
\LTchunksize=\count296
\LTcapwidth=\dimen184
\LT@head=\box58
\LT@firsthead=\box59
\LT@foot=\box60
\LT@lastfoot=\box61
\LT@gbox=\box62
\LT@cols=\count297
\LT@rows=\count298
\c@LT@tables=\count299
\c@LT@chunks=\count300
\LT@p@ftn=\toks25
)
(C:\Program Files\MiKTeX\tex/latex/multirow\multirow.sty
Package: multirow 2024/11/12 v2.9 Span multiple rows of a table
\multirow@colwidth=\skip61
\multirow@cntb=\count301
\multirow@dima=\skip62
\bigstrutjot=\dimen185
)
(C:\Program Files\MiKTeX\tex/latex/graphics\graphicx.sty
Package: graphicx 2024/12/31 v1.2e Enhanced LaTeX Graphics (DPC,SPQR)

(C:\Program Files\MiKTeX\tex/latex/graphics\graphics.sty
Package: graphics 2024/08/06 v1.4g Standard LaTeX Graphics (DPC,SPQR)

(C:\Program Files\MiKTeX\tex/latex/graphics\trig.sty
Package: trig 2023/12/02 v1.11 sin cos tan (DPC)
)
(C:\Program Files\MiKTeX\tex/latex/graphics-cfg\graphics.cfg
File: graphics.cfg 2016/06/04 v1.11 sample graphics configuration
)
Package graphics Info: Driver file: pdftex.def on input line 106.

(C:\Program Files\MiKTeX\tex/latex/graphics-def\pdftex.def
File: pdftex.def 2024/04/13 v1.2c Graphics/color driver for pdftex
))
\Gin@req@height=\dimen186
\Gin@req@width=\dimen187
)
(C:\Program Files\MiKTeX\tex/latex/fancyhdr\fancyhdr.sty
Package: fancyhdr 2025/02/07 v5.2 Extensive control of page headers and footers

\f@nch@headwidth=\skip63
\f@nch@offset@elh=\skip64
\f@nch@offset@erh=\skip65
\f@nch@offset@olh=\skip66
\f@nch@offset@orh=\skip67
\f@nch@offset@elf=\skip68
\f@nch@offset@erf=\skip69
\f@nch@offset@olf=\skip70
\f@nch@offset@orf=\skip71
\f@nch@height=\skip72
\f@nch@footalignment=\skip73
\f@nch@widthL=\skip74
\f@nch@widthC=\skip75
\f@nch@widthR=\skip76
\@temptokenb=\toks26
)
(C:\Program Files\MiKTeX\tex/latex/amsmath\amsmath.sty
Package: amsmath 2025/06/16 v2.17y AMS math features
\@mathmargin=\skip77

For additional information on amsmath, use the `?' option.
(C:\Program Files\MiKTeX\tex/latex/amsmath\amstext.sty
Package: amstext 2024/11/17 v2.01 AMS text

(C:\Program Files\MiKTeX\tex/latex/amsmath\amsgen.sty
File: amsgen.sty 1999/11/30 v2.0 generic functions
\@emptytoks=\toks27
\ex@=\dimen188
))
(C:\Program Files\MiKTeX\tex/latex/amsmath\amsbsy.sty
Package: amsbsy 1999/11/29 v1.2d Bold Symbols
\pmbraise@=\dimen189
)
(C:\Program Files\MiKTeX\tex/latex/amsmath\amsopn.sty
Package: amsopn 2022/04/08 v2.04 operator names
)
\inf@bad=\count302
LaTeX Info: Redefining \frac on input line 233.
\uproot@=\count303
\leftroot@=\count304
LaTeX Info: Redefining \overline on input line 398.
LaTeX Info: Redefining \colon on input line 409.
\classnum@=\count305
\DOTSCASE@=\count306
LaTeX Info: Redefining \ldots on input line 495.
LaTeX Info: Redefining \dots on input line 498.
LaTeX Info: Redefining \cdots on input line 619.
\Mathstrutbox@=\box63
\strutbox@=\box64
LaTeX Info: Redefining \big on input line 721.
LaTeX Info: Redefining \Big on input line 722.
LaTeX Info: Redefining \bigg on input line 723.
LaTeX Info: Redefining \Bigg on input line 724.
\big@size=\dimen190
LaTeX Font Info:    Redeclaring font encoding OML on input line 742.
LaTeX Font Info:    Redeclaring font encoding OMS on input line 743.
\macc@depth=\count307
LaTeX Info: Redefining \bmod on input line 904.
LaTeX Info: Redefining \pmod on input line 909.
LaTeX Info: Redefining \smash on input line 939.
LaTeX Info: Redefining \relbar on input line 969.
LaTeX Info: Redefining \Relbar on input line 970.
\c@MaxMatrixCols=\count308
\dotsspace@=\muskip17
\c@parentequation=\count309
\dspbrk@lvl=\count310
\tag@help=\toks28
\row@=\count311
\column@=\count312
\maxfields@=\count313
\andhelp@=\toks29
\eqnshift@=\dimen191
\alignsep@=\dimen192
\tagshift@=\dimen193
\tagwidth@=\dimen194
\totwidth@=\dimen195
\lineht@=\dimen196
\@envbody=\toks30
\multlinegap=\skip78
\multlinetaggap=\skip79
\mathdisplay@stack=\toks31
LaTeX Info: Redefining \[ on input line 2949.
LaTeX Info: Redefining \] on input line 2950.
)
(C:\Program Files\MiKTeX\tex/latex/amsfonts\amssymb.sty
Package: amssymb 2013/01/14 v3.01 AMS font symbols

(C:\Program Files\MiKTeX\tex/latex/amsfonts\amsfonts.sty
Package: amsfonts 2013/01/14 v3.01 Basic AMSFonts support
\symAMSa=\mathgroup6
\symAMSb=\mathgroup7
LaTeX Font Info:    Overwriting math alphabet `\mathfrak' in version `bold'
(Font)                  U/euf/m/n --> U/euf/b/n on input line 106.
))
(C:\Program Files\MiKTeX\tex/latex/algorithms\algorithm.sty
Package: algorithm 2009/08/24 v0.1 Document Style `algorithm' - floating enviro
nment

(C:\Program Files\MiKTeX\tex/latex/float\float.sty
Package: float 2001/11/08 v1.3d Float enhancements (AL)
\c@float@type=\count314
\float@exts=\toks32
\float@box=\box65
\@float@everytoks=\toks33
\@floatcapt=\box66
)
(C:\Program Files\MiKTeX\tex/latex/base\ifthen.sty
Package: ifthen 2024/03/16 v1.1e Standard LaTeX ifthen package (DPC)
)
\@float@every@algorithm=\toks34
\c@algorithm=\count315
)
(C:\Program Files\MiKTeX\tex/latex/algorithms\algorithmic.sty
Package: algorithmic 2009/08/24 v0.1 Document Style `algorithmic'
\c@ALC@unique=\count316
\c@ALC@line=\count317
\c@ALC@rem=\count318
\c@ALC@depth=\count319
\ALC@tlm=\skip80
\algorithmicindent=\skip81
)
(C:\Program Files\MiKTeX\tex/latex/caption\subcaption.sty
Package: subcaption 2023/07/28 v1.6b Sub-captions (AR)

(C:\Program Files\MiKTeX\tex/latex/caption\caption.sty
Package: caption 2023/08/05 v3.6o Customizing captions (AR)

(C:\Program Files\MiKTeX\tex/latex/caption\caption3.sty
Package: caption3 2023/07/31 v2.4d caption3 kernel (AR)
\caption@tempdima=\dimen197
\captionmargin=\dimen198
\caption@leftmargin=\dimen199
\caption@rightmargin=\dimen256
\caption@width=\dimen257
\caption@indent=\dimen258
\caption@parindent=\dimen259
\caption@hangindent=\dimen260
Package caption Info: Standard document class detected.
)
\c@caption@flags=\count320
\c@continuedfloat=\count321
Package caption Info: float package is loaded.
Package caption Info: longtable package is loaded.

(C:\Program Files\MiKTeX\tex/latex/caption\ltcaption.sty
Package: ltcaption 2021/01/08 v1.4c longtable captions (AR)
))
Package caption Info: New subtype `subfigure' on input line 238.
\c@subfigure=\count322
Package caption Info: New subtype `subtable' on input line 238.
\c@subtable=\count323
)
(C:\Program Files\MiKTeX\tex/latex/pgf/frontendlayer\tikz.sty
(C:\Program Files\MiKTeX\tex/latex/pgf/basiclayer\pgf.sty
(C:\Program Files\MiKTeX\tex/latex/pgf/utilities\pgfrcs.sty
(C:\Program Files\MiKTeX\tex/generic/pgf/utilities\pgfutil-common.tex
\pgfutil@everybye=\toks35
\pgfutil@tempdima=\dimen261
\pgfutil@tempdimb=\dimen262
)
(C:\Program Files\MiKTeX\tex/generic/pgf/utilities\pgfutil-latex.def
\pgfutil@abb=\box67
)
(C:\Program Files\MiKTeX\tex/generic/pgf/utilities\pgfrcs.code.tex
(C:\Program Files\MiKTeX\tex/generic/pgf\pgf.revision.tex)
Package: pgfrcs 2023-01-15 v3.1.10 (3.1.10)
))
Package: pgf 2023-01-15 v3.1.10 (3.1.10)

(C:\Program Files\MiKTeX\tex/latex/pgf/basiclayer\pgfcore.sty
(C:\Program Files\MiKTeX\tex/latex/pgf/systemlayer\pgfsys.sty
(C:\Program Files\MiKTeX\tex/generic/pgf/systemlayer\pgfsys.code.tex
Package: pgfsys 2023-01-15 v3.1.10 (3.1.10)

(C:\Program Files\MiKTeX\tex/generic/pgf/utilities\pgfkeys.code.tex
\pgfkeys@pathtoks=\toks36
\pgfkeys@temptoks=\toks37

(C:\Program Files\MiKTeX\tex/generic/pgf/utilities\pgfkeyslibraryfiltered.code.
tex
\pgfkeys@tmptoks=\toks38
))
\pgf@x=\dimen263
\pgf@y=\dimen264
\pgf@xa=\dimen265
\pgf@ya=\dimen266
\pgf@xb=\dimen267
\pgf@yb=\dimen268
\pgf@xc=\dimen269
\pgf@yc=\dimen270
\pgf@xd=\dimen271
\pgf@yd=\dimen272
\w@pgf@writea=\write3
\r@pgf@reada=\read2
\c@pgf@counta=\count324
\c@pgf@countb=\count325
\c@pgf@countc=\count326
\c@pgf@countd=\count327
\t@pgf@toka=\toks39
\t@pgf@tokb=\toks40
\t@pgf@tokc=\toks41
\pgf@sys@id@count=\count328
 (C:\Program Files\MiKTeX\tex/generic/pgf/systemlayer\pgf.cfg
File: pgf.cfg 2023-01-15 v3.1.10 (3.1.10)
)
Driver file for pgf: pgfsys-pdftex.def

(C:\Program Files\MiKTeX\tex/generic/pgf/systemlayer\pgfsys-pdftex.def
File: pgfsys-pdftex.def 2023-01-15 v3.1.10 (3.1.10)

(C:\Program Files\MiKTeX\tex/generic/pgf/systemlayer\pgfsys-common-pdf.def
File: pgfsys-common-pdf.def 2023-01-15 v3.1.10 (3.1.10)
)))
(C:\Program Files\MiKTeX\tex/generic/pgf/systemlayer\pgfsyssoftpath.code.tex
File: pgfsyssoftpath.code.tex 2023-01-15 v3.1.10 (3.1.10)
\pgfsyssoftpath@smallbuffer@items=\count329
\pgfsyssoftpath@bigbuffer@items=\count330
)
(C:\Program Files\MiKTeX\tex/generic/pgf/systemlayer\pgfsysprotocol.code.tex
File: pgfsysprotocol.code.tex 2023-01-15 v3.1.10 (3.1.10)
))
(C:\Program Files\MiKTeX\tex/latex/xcolor\xcolor.sty
Package: xcolor 2024/09/29 v3.02 LaTeX color extensions (UK)

(C:\Program Files\MiKTeX\tex/latex/graphics-cfg\color.cfg
File: color.cfg 2016/01/02 v1.6 sample color configuration
)
Package xcolor Info: Driver file: pdftex.def on input line 274.

(C:\Program Files\MiKTeX\tex/latex/graphics\mathcolor.ltx)
Package xcolor Info: Model `cmy' substituted by `cmy0' on input line 1349.
Package xcolor Info: Model `hsb' substituted by `rgb' on input line 1353.
Package xcolor Info: Model `RGB' extended on input line 1365.
Package xcolor Info: Model `HTML' substituted by `rgb' on input line 1367.
Package xcolor Info: Model `Hsb' substituted by `hsb' on input line 1368.
Package xcolor Info: Model `tHsb' substituted by `hsb' on input line 1369.
Package xcolor Info: Model `HSB' substituted by `hsb' on input line 1370.
Package xcolor Info: Model `Gray' substituted by `gray' on input line 1371.
Package xcolor Info: Model `wave' substituted by `hsb' on input line 1372.
)
(C:\Program Files\MiKTeX\tex/generic/pgf/basiclayer\pgfcore.code.tex
Package: pgfcore 2023-01-15 v3.1.10 (3.1.10)

(C:\Program Files\MiKTeX\tex/generic/pgf/math\pgfmath.code.tex
(C:\Program Files\MiKTeX\tex/generic/pgf/math\pgfmathutil.code.tex)
(C:\Program Files\MiKTeX\tex/generic/pgf/math\pgfmathparser.code.tex
\pgfmath@dimen=\dimen273
\pgfmath@count=\count331
\pgfmath@box=\box68
\pgfmath@toks=\toks42
\pgfmath@stack@operand=\toks43
\pgfmath@stack@operation=\toks44
)
(C:\Program Files\MiKTeX\tex/generic/pgf/math\pgfmathfunctions.code.tex)
(C:\Program Files\MiKTeX\tex/generic/pgf/math\pgfmathfunctions.basic.code.tex)
(C:\Program Files\MiKTeX\tex/generic/pgf/math\pgfmathfunctions.trigonometric.co
de.tex)
(C:\Program Files\MiKTeX\tex/generic/pgf/math\pgfmathfunctions.random.code.tex)

(C:\Program Files\MiKTeX\tex/generic/pgf/math\pgfmathfunctions.comparison.code.
tex)
(C:\Program Files\MiKTeX\tex/generic/pgf/math\pgfmathfunctions.base.code.tex)
(C:\Program Files\MiKTeX\tex/generic/pgf/math\pgfmathfunctions.round.code.tex)
(C:\Program Files\MiKTeX\tex/generic/pgf/math\pgfmathfunctions.misc.code.tex)
(C:\Program Files\MiKTeX\tex/generic/pgf/math\pgfmathfunctions.integerarithmeti
cs.code.tex) (C:\Program Files\MiKTeX\tex/generic/pgf/math\pgfmathcalc.code.tex
) (C:\Program Files\MiKTeX\tex/generic/pgf/math\pgfmathfloat.code.tex
\c@pgfmathroundto@lastzeros=\count332
))
(C:\Program Files\MiKTeX\tex/generic/pgf/math\pgfint.code.tex)
(C:\Program Files\MiKTeX\tex/generic/pgf/basiclayer\pgfcorepoints.code.tex
File: pgfcorepoints.code.tex 2023-01-15 v3.1.10 (3.1.10)
\pgf@picminx=\dimen274
\pgf@picmaxx=\dimen275
\pgf@picminy=\dimen276
\pgf@picmaxy=\dimen277
\pgf@pathminx=\dimen278
\pgf@pathmaxx=\dimen279
\pgf@pathminy=\dimen280
\pgf@pathmaxy=\dimen281
\pgf@xx=\dimen282
\pgf@xy=\dimen283
\pgf@yx=\dimen284
\pgf@yy=\dimen285
\pgf@zx=\dimen286
\pgf@zy=\dimen287
)
(C:\Program Files\MiKTeX\tex/generic/pgf/basiclayer\pgfcorepathconstruct.code.t
ex
File: pgfcorepathconstruct.code.tex 2023-01-15 v3.1.10 (3.1.10)
\pgf@path@lastx=\dimen288
\pgf@path@lasty=\dimen289
)
(C:\Program Files\MiKTeX\tex/generic/pgf/basiclayer\pgfcorepathusage.code.tex
File: pgfcorepathusage.code.tex 2023-01-15 v3.1.10 (3.1.10)
\pgf@shorten@end@additional=\dimen290
\pgf@shorten@start@additional=\dimen291
)
(C:\Program Files\MiKTeX\tex/generic/pgf/basiclayer\pgfcorescopes.code.tex
File: pgfcorescopes.code.tex 2023-01-15 v3.1.10 (3.1.10)
\pgfpic=\box69
\pgf@hbox=\box70
\pgf@layerbox@main=\box71
\pgf@picture@serial@count=\count333
)
(C:\Program Files\MiKTeX\tex/generic/pgf/basiclayer\pgfcoregraphicstate.code.te
x
File: pgfcoregraphicstate.code.tex 2023-01-15 v3.1.10 (3.1.10)
\pgflinewidth=\dimen292
)
(C:\Program Files\MiKTeX\tex/generic/pgf/basiclayer\pgfcoretransformations.code
.tex
File: pgfcoretransformations.code.tex 2023-01-15 v3.1.10 (3.1.10)
\pgf@pt@x=\dimen293
\pgf@pt@y=\dimen294
\pgf@pt@temp=\dimen295
) (C:\Program Files\MiKTeX\tex/generic/pgf/basiclayer\pgfcorequick.code.tex
File: pgfcorequick.code.tex 2023-01-15 v3.1.10 (3.1.10)
) (C:\Program Files\MiKTeX\tex/generic/pgf/basiclayer\pgfcoreobjects.code.tex
File: pgfcoreobjects.code.tex 2023-01-15 v3.1.10 (3.1.10)
)
(C:\Program Files\MiKTeX\tex/generic/pgf/basiclayer\pgfcorepathprocessing.code.
tex
File: pgfcorepathprocessing.code.tex 2023-01-15 v3.1.10 (3.1.10)
) (C:\Program Files\MiKTeX\tex/generic/pgf/basiclayer\pgfcorearrows.code.tex
File: pgfcorearrows.code.tex 2023-01-15 v3.1.10 (3.1.10)
\pgfarrowsep=\dimen296
) (C:\Program Files\MiKTeX\tex/generic/pgf/basiclayer\pgfcoreshade.code.tex
File: pgfcoreshade.code.tex 2023-01-15 v3.1.10 (3.1.10)
\pgf@max=\dimen297
\pgf@sys@shading@range@num=\count334
\pgf@shadingcount=\count335
)
(C:\Program Files\MiKTeX\tex/generic/pgf/basiclayer\pgfcoreimage.code.tex
File: pgfcoreimage.code.tex 2023-01-15 v3.1.10 (3.1.10)
)
(C:\Program Files\MiKTeX\tex/generic/pgf/basiclayer\pgfcoreexternal.code.tex
File: pgfcoreexternal.code.tex 2023-01-15 v3.1.10 (3.1.10)
\pgfexternal@startupbox=\box72
)
(C:\Program Files\MiKTeX\tex/generic/pgf/basiclayer\pgfcorelayers.code.tex
File: pgfcorelayers.code.tex 2023-01-15 v3.1.10 (3.1.10)
)
(C:\Program Files\MiKTeX\tex/generic/pgf/basiclayer\pgfcoretransparency.code.te
x
File: pgfcoretransparency.code.tex 2023-01-15 v3.1.10 (3.1.10)
) (C:\Program Files\MiKTeX\tex/generic/pgf/basiclayer\pgfcorepatterns.code.tex
File: pgfcorepatterns.code.tex 2023-01-15 v3.1.10 (3.1.10)
) (C:\Program Files\MiKTeX\tex/generic/pgf/basiclayer\pgfcorerdf.code.tex
File: pgfcorerdf.code.tex 2023-01-15 v3.1.10 (3.1.10)
)))
(C:\Program Files\MiKTeX\tex/generic/pgf/modules\pgfmoduleshapes.code.tex
File: pgfmoduleshapes.code.tex 2023-01-15 v3.1.10 (3.1.10)
\pgfnodeparttextbox=\box73
)
(C:\Program Files\MiKTeX\tex/generic/pgf/modules\pgfmoduleplot.code.tex
File: pgfmoduleplot.code.tex 2023-01-15 v3.1.10 (3.1.10)
)
(C:\Program Files\MiKTeX\tex/latex/pgf/compatibility\pgfcomp-version-0-65.sty
Package: pgfcomp-version-0-65 2023-01-15 v3.1.10 (3.1.10)
\pgf@nodesepstart=\dimen298
\pgf@nodesepend=\dimen299
)
(C:\Program Files\MiKTeX\tex/latex/pgf/compatibility\pgfcomp-version-1-18.sty
Package: pgfcomp-version-1-18 2023-01-15 v3.1.10 (3.1.10)
)) (C:\Program Files\MiKTeX\tex/latex/pgf/utilities\pgffor.sty
(C:\Program Files\MiKTeX\tex/latex/pgf/utilities\pgfkeys.sty
(C:\Program Files\MiKTeX\tex/generic/pgf/utilities\pgfkeys.code.tex))
(C:\Program Files\MiKTeX\tex/latex/pgf/math\pgfmath.sty
(C:\Program Files\MiKTeX\tex/generic/pgf/math\pgfmath.code.tex))
(C:\Program Files\MiKTeX\tex/generic/pgf/utilities\pgffor.code.tex
Package: pgffor 2023-01-15 v3.1.10 (3.1.10)
\pgffor@iter=\dimen300
\pgffor@skip=\dimen301
\pgffor@stack=\toks45
\pgffor@toks=\toks46
))
(C:\Program Files\MiKTeX\tex/generic/pgf/frontendlayer/tikz\tikz.code.tex
Package: tikz 2023-01-15 v3.1.10 (3.1.10)

(C:\Program Files\MiKTeX\tex/generic/pgf/libraries\pgflibraryplothandlers.code.
tex
File: pgflibraryplothandlers.code.tex 2023-01-15 v3.1.10 (3.1.10)
\pgf@plot@mark@count=\count336
\pgfplotmarksize=\dimen302
)
\tikz@lastx=\dimen303
\tikz@lasty=\dimen304
\tikz@lastxsaved=\dimen305
\tikz@lastysaved=\dimen306
\tikz@lastmovetox=\dimen307
\tikz@lastmovetoy=\dimen308
\tikzleveldistance=\dimen309
\tikzsiblingdistance=\dimen310
\tikz@figbox=\box74
\tikz@figbox@bg=\box75
\tikz@tempbox=\box76
\tikz@tempbox@bg=\box77
\tikztreelevel=\count337
\tikznumberofchildren=\count338
\tikznumberofcurrentchild=\count339
\tikz@fig@count=\count340
 (C:\Program Files\MiKTeX\tex/generic/pgf/modules\pgfmodulematrix.code.tex
File: pgfmodulematrix.code.tex 2023-01-15 v3.1.10 (3.1.10)
\pgfmatrixcurrentrow=\count341
\pgfmatrixcurrentcolumn=\count342
\pgf@matrix@numberofcolumns=\count343
)
\tikz@expandcount=\count344

(C:\Program Files\MiKTeX\tex/generic/pgf/frontendlayer/tikz/libraries\tikzlibra
rytopaths.code.tex
File: tikzlibrarytopaths.code.tex 2023-01-15 v3.1.10 (3.1.10)
))) (C:\Program Files\MiKTeX\tex/latex/pgfplots\pgfplots.sty
(C:\Program Files\MiKTeX\tex/generic/pgfplots\pgfplots.revision.tex)
Package: pgfplots 2021/05/15 v1.18.1 Data Visualization (1.18.1)

(C:\Program Files\MiKTeX\tex/generic/pgfplots\pgfplots.code.tex
(C:\Program Files\MiKTeX\tex/generic/pgfplots\pgfplotscore.code.tex
\t@pgfplots@toka=\toks47
\t@pgfplots@tokb=\toks48
\t@pgfplots@tokc=\toks49
\pgfplots@tmpa=\dimen311
\c@pgfplots@coordindex=\count345
\c@pgfplots@scanlineindex=\count346

(C:\Program Files\MiKTeX\tex/generic/pgfplots/sys\pgfplotssysgeneric.code.tex))
(C:\Program Files\MiKTeX\tex/generic/pgfplots/libs\pgfplotslibrary.code.tex)
(C:\Program Files\MiKTeX\tex/generic/pgfplots/oldpgfcompatib\pgfplotsoldpgfsupp
_loader.code.tex
(C:\Program Files\MiKTeX\tex/generic/pgf/libraries\pgflibraryfpu.code.tex)
Package pgfplots: loading complementary utilities for your pgf version...
\t@pgf@toka=\toks50
\t@pgf@tokb=\toks51
\t@pgf@tokc=\toks52

(C:\Program Files\MiKTeX\tex/generic/pgfplots/oldpgfcompatib\pgfplotsoldpgfsupp
_pgfutil-common-lists.tex))
(C:\Program Files\MiKTeX\tex/generic/pgfplots/util\pgfplotsutil.code.tex
(C:\Program Files\MiKTeX\tex/generic/pgfplots/liststructure\pgfplotsliststructu
re.code.tex)
(C:\Program Files\MiKTeX\tex/generic/pgfplots/liststructure\pgfplotsliststructu
reext.code.tex)
(C:\Program Files\MiKTeX\tex/generic/pgfplots/liststructure\pgfplotsarray.code.
tex
\c@pgfplotsarray@tmp=\count347
)
(C:\Program Files\MiKTeX\tex/generic/pgfplots/liststructure\pgfplotsmatrix.code
.tex)
(C:\Program Files\MiKTeX\tex/generic/pgfplots/numtable\pgfplotstableshared.code
.tex
\c@pgfplotstable@counta=\count348
\t@pgfplotstable@a=\toks53
)
(C:\Program Files\MiKTeX\tex/generic/pgfplots/liststructure\pgfplotsdeque.code.
tex) (C:\Program Files\MiKTeX\tex/generic/pgfplots/util\pgfplotsbinary.code.tex

(C:\Program Files\MiKTeX\tex/generic/pgfplots/util\pgfplotsbinary.data.code.tex
))
(C:\Program Files\MiKTeX\tex/generic/pgfplots/util\pgfplotsutil.verb.code.tex)
(C:\Program Files\MiKTeX\tex/generic/pgfplots/libs\pgflibrarypgfplots.surfshadi
ng.code.tex
\c@pgfplotslibrarysurf@no=\count349

(C:\Program Files\MiKTeX\tex/generic/pgfplots/sys\pgflibrarypgfplots.surfshadin
g.pgfsys-pdftex.def)))
(C:\Program Files\MiKTeX\tex/generic/pgfplots/util\pgfplotscolormap.code.tex
(C:\Program Files\MiKTeX\tex/generic/pgfplots/util\pgfplotscolor.code.tex))
(C:\Program Files\MiKTeX\tex/generic/pgfplots\pgfplotsstackedplots.code.tex)
(C:\Program Files\MiKTeX\tex/generic/pgfplots\pgfplotsplothandlers.code.tex
(C:\Program Files\MiKTeX\tex/generic/pgfplots\pgfplotsmeshplothandler.code.tex
(C:\Program Files\MiKTeX\tex/generic/pgfplots\pgfplotsmeshplotimage.code.tex)))
(C:\Program Files\MiKTeX\tex/generic/pgfplots\pgfplots.scaling.code.tex)
(C:\Program Files\MiKTeX\tex/generic/pgfplots\pgfplotscoordprocessing.code.tex)
(C:\Program Files\MiKTeX\tex/generic/pgfplots\pgfplots.errorbars.code.tex)
(C:\Program Files\MiKTeX\tex/generic/pgfplots\pgfplots.markers.code.tex)
(C:\Program Files\MiKTeX\tex/generic/pgfplots\pgfplotsticks.code.tex)
(C:\Program Files\MiKTeX\tex/generic/pgfplots\pgfplots.paths.code.tex)
(C:\Program Files\MiKTeX\tex/generic/pgf/frontendlayer/tikz/libraries\tikzlibra
rydecorations.code.tex
(C:\Program Files\MiKTeX\tex/generic/pgf/modules\pgfmoduledecorations.code.tex
\pgfdecoratedcompleteddistance=\dimen312
\pgfdecoratedremainingdistance=\dimen313
\pgfdecoratedinputsegmentcompleteddistance=\dimen314
\pgfdecoratedinputsegmentremainingdistance=\dimen315
\pgf@decorate@distancetomove=\dimen316
\pgf@decorate@repeatstate=\count350
\pgfdecorationsegmentamplitude=\dimen317
\pgfdecorationsegmentlength=\dimen318
)
\tikz@lib@dec@box=\box78
)
(C:\Program Files\MiKTeX\tex/generic/pgf/frontendlayer/tikz/libraries\tikzlibra
rydecorations.pathmorphing.code.tex
(C:\Program Files\MiKTeX\tex/generic/pgf/libraries/decorations\pgflibrarydecora
tions.pathmorphing.code.tex))
(C:\Program Files\MiKTeX\tex/generic/pgf/frontendlayer/tikz/libraries\tikzlibra
rydecorations.pathreplacing.code.tex
(C:\Program Files\MiKTeX\tex/generic/pgf/libraries/decorations\pgflibrarydecora
tions.pathreplacing.code.tex))
(C:\Program Files\MiKTeX\tex/generic/pgfplots/libs\tikzlibrarypgfplots.contourl
ua.code.tex)
\pgfplots@numplots=\count351
\pgfplots@xmin@reg=\dimen319
\pgfplots@xmax@reg=\dimen320
\pgfplots@ymin@reg=\dimen321
\pgfplots@ymax@reg=\dimen322
\pgfplots@zmin@reg=\dimen323
\pgfplots@zmax@reg=\dimen324
)
(C:\Program Files\MiKTeX\tex/generic/pgf/frontendlayer/tikz/libraries\tikzlibra
ryplotmarks.code.tex
File: tikzlibraryplotmarks.code.tex 2023-01-15 v3.1.10 (3.1.10)

(C:\Program Files\MiKTeX\tex/generic/pgf/libraries\pgflibraryplotmarks.code.tex
File: pgflibraryplotmarks.code.tex 2023-01-15 v3.1.10 (3.1.10)
))) (C:\Program Files\MiKTeX\tex/latex/hyperref\hyperref.sty
Package: hyperref 2025-07-12 v7.01o Hypertext links for LaTeX

(C:\Program Files\MiKTeX\tex/generic/kvdefinekeys\kvdefinekeys.sty
Package: kvdefinekeys 2019-12-19 v1.6 Define keys (HO)
)
(C:\Program Files\MiKTeX\tex/generic/pdfescape\pdfescape.sty
Package: pdfescape 2019/12/09 v1.15 Implements pdfTeX's escape features (HO)

(C:\Program Files\MiKTeX\tex/generic/pdftexcmds\pdftexcmds.sty
Package: pdftexcmds 2020-06-27 v0.33 Utility functions of pdfTeX for LuaTeX (HO
)

(C:\Program Files\MiKTeX\tex/generic/infwarerr\infwarerr.sty
Package: infwarerr 2019/12/03 v1.5 Providing info/warning/error messages (HO)
)
Package pdftexcmds Info: \pdf@primitive is available.
Package pdftexcmds Info: \pdf@ifprimitive is available.
Package pdftexcmds Info: \pdfdraftmode found.
))
(C:\Program Files\MiKTeX\tex/latex/hycolor\hycolor.sty
Package: hycolor 2020-01-27 v1.10 Color options for hyperref/bookmark (HO)
)
(C:\Program Files\MiKTeX\tex/latex/hyperref\nameref.sty
Package: nameref 2025-06-21 v2.57 Cross-referencing by name of section

(C:\Program Files\MiKTeX\tex/latex/refcount\refcount.sty
Package: refcount 2019/12/15 v3.6 Data extraction from label references (HO)
)
(C:\Program Files\MiKTeX\tex/generic/gettitlestring\gettitlestring.sty
Package: gettitlestring 2019/12/15 v1.6 Cleanup title references (HO)
)
\c@section@level=\count352
)
(C:\Program Files\MiKTeX\tex/generic/stringenc\stringenc.sty
Package: stringenc 2019/11/29 v1.12 Convert strings between diff. encodings (HO
)
)
\@linkdim=\dimen325
\Hy@linkcounter=\count353
\Hy@pagecounter=\count354

(C:\Program Files\MiKTeX\tex/latex/hyperref\pd1enc.def
File: pd1enc.def 2025-07-12 v7.01o Hyperref: PDFDocEncoding definition (HO)
Now handling font encoding PD1 ...
... no UTF-8 mapping file for font encoding PD1
)
(C:\Program Files\MiKTeX\tex/generic/intcalc\intcalc.sty
Package: intcalc 2019/12/15 v1.3 Expandable calculations with integers (HO)
)
\Hy@SavedSpaceFactor=\count355

(C:\Program Files\MiKTeX\tex/latex/hyperref\puenc.def
File: puenc.def 2025-07-12 v7.01o Hyperref: PDF Unicode definition (HO)
Now handling font encoding PU ...
... no UTF-8 mapping file for font encoding PU
)
Package hyperref Info: Hyper figures OFF on input line 4195.
Package hyperref Info: Link nesting OFF on input line 4200.
Package hyperref Info: Hyper index ON on input line 4203.
Package hyperref Info: Plain pages OFF on input line 4210.
Package hyperref Info: Backreferencing OFF on input line 4215.
Package hyperref Info: Implicit mode ON; LaTeX internals redefined.
Package hyperref Info: Bookmarks ON on input line 4462.
\c@Hy@tempcnt=\count356

(C:\Program Files\MiKTeX\tex/latex/url\url.sty
\Urlmuskip=\muskip18
Package: url 2013/09/16  ver 3.4  Verb mode for urls, etc.
)
LaTeX Info: Redefining \url on input line 4801.
\XeTeXLinkMargin=\dimen326

(C:\Program Files\MiKTeX\tex/generic/bitset\bitset.sty
Package: bitset 2019/12/09 v1.3 Handle bit-vector datatype (HO)

(C:\Program Files\MiKTeX\tex/generic/bigintcalc\bigintcalc.sty
Package: bigintcalc 2019/12/15 v1.5 Expandable calculations on big integers (HO
)
))
\Fld@menulength=\count357
\Field@Width=\dimen327
\Fld@charsize=\dimen328
Package hyperref Info: Hyper figures OFF on input line 6078.
Package hyperref Info: Link nesting OFF on input line 6083.
Package hyperref Info: Hyper index ON on input line 6086.
Package hyperref Info: backreferencing OFF on input line 6093.
Package hyperref Info: Link coloring OFF on input line 6098.
Package hyperref Info: Link coloring with OCG OFF on input line 6103.
Package hyperref Info: PDF/A mode OFF on input line 6108.
\Hy@abspage=\count358
\c@Item=\count359
\c@Hfootnote=\count360
)
Package hyperref Info: Driver (autodetected): hpdftex.

(C:\Program Files\MiKTeX\tex/latex/hyperref\hpdftex.def
File: hpdftex.def 2025-07-12 v7.01o Hyperref driver for pdfTeX
\Fld@listcount=\count361
\c@bookmark@seq@number=\count362

(C:\Program Files\MiKTeX\tex/latex/rerunfilecheck\rerunfilecheck.sty
Package: rerunfilecheck 2025-06-21 v1.11 Rerun checks for auxiliary files (HO)

(C:\Program Files\MiKTeX\tex/generic/uniquecounter\uniquecounter.sty
Package: uniquecounter 2019/12/15 v1.4 Provide unlimited unique counter (HO)
)
Package uniquecounter Info: New unique counter `rerunfilecheck' on input line 2
84.
)
\Hy@SectionHShift=\skip82
)
(C:\Program Files\MiKTeX\tex/latex/natbib\natbib.sty
Package: natbib 2010/09/13 8.31b (PWD, AO)
\bibhang=\skip83
\bibsep=\skip84
LaTeX Info: Redefining \cite on input line 694.
\c@NAT@ctr=\count363
)
(C:\Program Files\MiKTeX\tex/latex/glossaries/base\glossaries.sty
Package: glossaries 2026/03/06 v5.0 (NLCT)

(C:\Program Files\MiKTeX\tex/latex/xkeyval\xkeyval.sty
Package: xkeyval 2022/06/16 v2.9 package option processing (HA)

(C:\Program Files\MiKTeX\tex/generic/xkeyval\xkeyval.tex
(C:\Program Files\MiKTeX\tex/generic/xkeyval\xkvutils.tex
\XKV@toks=\toks54
\XKV@tempa@toks=\toks55
)
\XKV@depth=\count364
File: xkeyval.tex 2014/12/03 v2.7a key=value parser (HA)
))
(C:\Program Files\MiKTeX\tex/latex/mfirstuc\mfirstuc.sty
Package: mfirstuc 2025/04/03 v2.09 (NLCT)
\@glsmfirst=\toks56
\@glsmrest=\toks57
)
(C:\Program Files\MiKTeX\tex/latex/xfor\xfor.sty
Package: xfor 2009/02/05 v1.05 (NLCT)
)
(C:\Program Files\MiKTeX\tex/latex/datatool\datatool-base.sty
Package: datatool-base 2025/12/04 v3.4.3 (NLCT)

(C:\Program Files\MiKTeX\tex/latex/tracklang\tracklang.sty
Package: tracklang 2025/03/11 v1.6.6 (NLCT) Track Languages

(C:\Program Files\MiKTeX\tex/generic/tracklang\tracklang.tex))
\l__datatool_tmpa_int=\count365
\l__datatool_tmpb_int=\count366
\l__datatool_tmpc_int=\count367
\l__datatool_tmpd_int=\count368
\l__datatool_count_int=\count369
\l__datatool_tmp_datatype_int=\count370
\l__datatool_tmpa_dim=\dimen329
\l__datatool_tmpb_dim=\dimen330

(C:\Program Files\MiKTeX\tex/latex/datatool\datatool-l3fp.def
File: datatool-l3fp.def 2025/12/04 v3.4.3 (NLCT)
)
\@dtl@toks=\toks58
\@dtl@tmpcount=\count371
\dtl@tmplength=\skip85
\l__datatool_measure_box=\box79
\dtl@sortresult=\count372

(C:\Program Files\MiKTeX\tex/latex/datatool\datatool-utf8.ldf
File: datatool-utf8.ldf 2025/12/04 v3.4.3 (NLCT)
)
\@dtl@datatype=\count373
\c_datatool_unknown_int=\count374
\l__datatool_year_int=\count375
\l__datatool_month_int=\count376
\l__datatool_day_int=\count377
\l__datatool_hour_int=\count378
\l__datatool_minute_int=\count379
\l__datatool_second_int=\count380
\l__datatool_tzhour_int=\count381
\l__datatool_tzminute_int=\count382
\l__datatool_julian_int=\count383
\l__datatool_local_julian_int=\count384
\l__datatool_prefix_int=\count385
\l__datatool_suffix_int=\count386
\@dtl@foreach@level=\count387
\dtl@codeA=\count388
\dtl@codeB=\count389
)
\gls@level=\count390
\@gls@tmpb=\toks59
\gls@tmplen=\skip86
\l__glossaries_tmpa_dim=\dimen331
\l__glossaries_tmpb_dim=\dimen332
\glskeylisttok=\toks60
\glslabeltok=\toks61
\glsshorttok=\toks62
\glslongtok=\toks63

(C:\Program Files\MiKTeX\tex/latex/glossaries/styles\glossary-hypernav.sty
Package: glossary-hypernav 2026/03/06 v5.0 (NLCT)
)
(C:\Program Files\MiKTeX\tex/latex/glossaries/styles\glossary-list.sty
Package: glossary-list 2026/03/06 v5.0 (NLCT)
\glslistdottedwidth=\skip87
)
(C:\Program Files\MiKTeX\tex/latex/glossaries/styles\glossary-long.sty
Package: glossary-long 2026/03/06 v5.0 (NLCT)
\glsdescwidth=\skip88
\glspagelistwidth=\skip89
)
(C:\Program Files\MiKTeX\tex/latex/glossaries/styles\glossary-super.sty
Package: glossary-super 2026/03/06 v5.0 (NLCT)

(C:\Program Files\MiKTeX\tex/latex/supertabular\supertabular.sty
Package: supertabular 2025/06/26 v4.2d the supertabular environment
\c@tracingst=\count391
\ST@wd=\dimen333
\ST@rightskip=\skip90
\ST@leftskip=\skip91
\ST@parfillskip=\skip92
\ST@pageleft=\dimen334
\ST@headht=\dimen335
\ST@tailht=\dimen336
\ST@pagesofar=\dimen337
\ST@pboxht=\dimen338
\ST@rowht=\dimen339
\ST@prevht=\dimen340
\ST@toadd=\dimen341
\ST@dimen=\dimen342
\ST@pbox=\box80
))
(C:\Program Files\MiKTeX\tex/latex/glossaries/styles\glossary-tree.sty
Package: glossary-tree 2026/03/06 v5.0 (NLCT)
\l__glossaries_tree_max_known_level_int=\count392
\l__glossaries_tree_offset_dim=\dimen343
\l__glossaries_tree_namewidth_dim=\dimen344
\l__glossaries_tree_symbolwidth_dim=\dimen345
\l__glossaries_tree_prenamesym_width_dim=\dimen346
\l__glossaries_tree_presubnamesym_width_dim=\dimen347
\l__glossaries_tree_namewidth_padding_dim=\dimen348
\l__glossaries_tree_symbolwidth_padding_dim=\dimen349
\l__glossaries_tree_namesymbolwidth_dim=\dimen350
\l__glossaries_tree_namesymbolwidth_padding_dim=\dimen351
\l__glossaries_tree_level_int=\count393
\glstreeindent=\skip93
))
\glswrite=\write4
\glo@acronym@file=\write5
\openout5 = `proposal_york.acn'.

Package glossaries Info: Writing glossary file proposal_york.acn on input line 
39.

(chapter7_glossary_defs.tex)
LaTeX Font Info:    Trying to load font information for OT1+ptm on input line 6
6.

(C:\Program Files\MiKTeX\tex/latex/psnfss\ot1ptm.fd
File: ot1ptm.fd 2001/06/04 font definitions for OT1/ptm.
)
(C:\Program Files\MiKTeX\tex/latex/l3backend\l3backend-pdftex.def
File: l3backend-pdftex.def 2025-06-09 L3 backend support: PDF output (pdfTeX)
\l__color_backend_stack_int=\count394
)
(proposal_york.aux)
\openout1 = `proposal_york.aux'.

LaTeX Font Info:    Checking defaults for OML/cmm/m/it on input line 66.
LaTeX Font Info:    ... okay on input line 66.
LaTeX Font Info:    Checking defaults for OMS/cmsy/m/n on input line 66.
LaTeX Font Info:    ... okay on input line 66.
LaTeX Font Info:    Checking defaults for OT1/cmr/m/n on input line 66.
LaTeX Font Info:    ... okay on input line 66.
LaTeX Font Info:    Checking defaults for T1/cmr/m/n on input line 66.
LaTeX Font Info:    ... okay on input line 66.
LaTeX Font Info:    Checking defaults for TS1/cmr/m/n on input line 66.
LaTeX Font Info:    ... okay on input line 66.
LaTeX Font Info:    Checking defaults for OMX/cmex/m/n on input line 66.
LaTeX Font Info:    ... okay on input line 66.
LaTeX Font Info:    Checking defaults for U/cmr/m/n on input line 66.
LaTeX Font Info:    ... okay on input line 66.
LaTeX Font Info:    Checking defaults for PD1/pdf/m/n on input line 66.
LaTeX Font Info:    ... okay on input line 66.
LaTeX Font Info:    Checking defaults for PU/pdf/m/n on input line 66.
LaTeX Font Info:    ... okay on input line 66.

*geometry* driver: auto-detecting
*geometry* detected driver: pdftex
*geometry* verbose mode - [ preamble ] result:
* driver: pdftex
* paper: letterpaper
* layout: <same size as paper>
* layoutoffset:(h,v)=(0.0pt,0.0pt)
* modes: 
* h-part:(L,W,R)=(90.3375pt, 433.62001pt, 90.3375pt)
* v-part:(T,H,B)=(72.26999pt, 650.43001pt, 72.26999pt)
* \paperwidth=614.295pt
* \paperheight=794.96999pt
* \textwidth=433.62001pt
* \textheight=650.43001pt
* \oddsidemargin=18.0675pt
* \evensidemargin=18.0675pt
* \topmargin=-37.0pt
* \headheight=12.0pt
* \headsep=25.0pt
* \topskip=12.0pt
* \footskip=30.0pt
* \marginparwidth=44.0pt
* \marginparsep=10.0pt
* \columnsep=10.0pt
* \skip\footins=10.8pt plus 4.0pt minus 2.0pt
* \hoffset=0.0pt
* \voffset=0.0pt
* \mag=1000
* \@twocolumnfalse
* \@twosidefalse
* \@mparswitchfalse
* \@reversemarginfalse
* (1in=72.27pt=25.4mm, 1cm=28.453pt)

LaTeX Info: Redefining \microtypecontext on input line 66.
Package microtype Info: Applying patch `item' on input line 66.
Package microtype Info: Applying patch `toc' on input line 66.
Package microtype Info: Applying patch `eqnum' on input line 66.
Package microtype Info: Applying patch `footnote' on input line 66.
Package microtype Info: Applying patch `verbatim' on input line 66.
LaTeX Info: Redefining \microtypesetup on input line 66.
Package microtype Info: Generating PDF output.
Package microtype Info: Character protrusion enabled (level 2).
Package microtype Info: Using default protrusion set `alltext'.
Package microtype Info: Automatic font expansion enabled (level 2),
(microtype)             stretch: 20, shrink: 20, step: 1, non-selected.
Package microtype Info: Using default expansion set `alltext-nott'.
Package microtype Info: Patching command `\showhyphens'.
Package microtype Info: No adjustment of tracking.
Package microtype Info: No adjustment of interword spacing.
Package microtype Info: No adjustment of character kerning.
(C:\Program Files\MiKTeX\tex/latex/microtype\mt-ptm.cfg
File: mt-ptm.cfg 2006/04/20 v1.7 microtype config. file: Times (RS)
)
(C:\Program Files\MiKTeX\tex/context/base/mkii\supp-pdf.mkii
[Loading MPS to PDF converter (version 2006.09.02).]
\scratchcounter=\count395
\scratchdimen=\dimen352
\scratchbox=\box81
\nofMPsegments=\count396
\nofMParguments=\count397
\everyMPshowfont=\toks64
\MPscratchCnt=\count398
\MPscratchDim=\dimen353
\MPnumerator=\count399
\makeMPintoPDFobject=\count400
\everyMPtoPDFconversion=\toks65
) (C:\Program Files\MiKTeX\tex/latex/epstopdf-pkg\epstopdf-base.sty
Package: epstopdf-base 2020-01-24 v2.11 Base part for package epstopdf
Package epstopdf-base Info: Redefining graphics rule for `.eps' on input line 4
85.

(C:\Program Files\MiKTeX\tex/latex/00miktex\epstopdf-sys.cfg
File: epstopdf-sys.cfg 2021/03/18 v2.0 Configuration of epstopdf for MiKTeX
))
Package caption Info: Begin \AtBeginDocument code.
Package caption Info: hyperref package is loaded.
Package caption Info: supertabular package is loaded.
Package caption Info: End \AtBeginDocument code.

Package pgfplots notification 'compat/show suggested version=true': document ha
s been generated with the most recent feature set (\pgfplotsset{compat=1.18}).

Package hyperref Info: Link coloring OFF on input line 66.
(proposal_york.out) (proposal_york.out)
\@outlinefile=\write6
\openout6 = `proposal_york.out'.

<Assets/YorkULogo.pdf, id=213, 275.62976pt x 289.08pt>
File: Assets/YorkULogo.pdf Graphic file (type pdf)
<use Assets/YorkULogo.pdf>
Package pdftex.def Info: Assets/YorkULogo.pdf  used on input line 76.
(pdftex.def)             Requested size: 156.49014pt x 164.12889pt.


[1

\openout4 = `proposal_york.ist'.

{C:/Users/PC/AppData/Local/MiKTeX/fonts/map/pdftex/pdftex.map}{C:/Program Files
/MiKTeX/fonts/enc/dvips/base/8r.enc} <./Assets/YorkULogo.pdf>]
LaTeX Font Info:    Trying to load font information for OT1+ztmcm on input line
 103.

(C:\Program Files\MiKTeX\tex/latex/psnfss\ot1ztmcm.fd
File: ot1ztmcm.fd 2000/01/03 Fontinst v1.801 font definitions for OT1/ztmcm.
)
Package microtype Info: Loading generic protrusion settings for font family
(microtype)             `ztmcm' (encoding: OT1).
(microtype)             For optimal results, create family-specific settings.
(microtype)             See the microtype manual for details.
LaTeX Font Info:    Trying to load font information for OML+ztmcm on input line
 103.

(C:\Program Files\MiKTeX\tex/latex/psnfss\omlztmcm.fd
File: omlztmcm.fd 2000/01/03 Fontinst v1.801 font definitions for OML/ztmcm.
)
LaTeX Font Info:    Trying to load font information for OMS+ztmcm on input line
 103.

(C:\Program Files\MiKTeX\tex/latex/psnfss\omsztmcm.fd
File: omsztmcm.fd 2000/01/03 Fontinst v1.801 font definitions for OMS/ztmcm.
)
LaTeX Font Info:    Trying to load font information for OMX+ztmcm on input line
 103.

(C:\Program Files\MiKTeX\tex/latex/psnfss\omxztmcm.fd
File: omxztmcm.fd 2000/01/03 Fontinst v1.801 font definitions for OMX/ztmcm.
)
LaTeX Font Info:    Font shape `OT1/ptm/bx/n' in size <12> not available
(Font)              Font shape `OT1/ptm/b/n' tried instead on input line 103.
LaTeX Font Info:    Font shape `OT1/ptm/bx/n' in size <9> not available
(Font)              Font shape `OT1/ptm/b/n' tried instead on input line 103.
LaTeX Font Info:    Font shape `OT1/ptm/bx/n' in size <7> not available
(Font)              Font shape `OT1/ptm/b/n' tried instead on input line 103.

(C:\Program Files\MiKTeX\tex/latex/microtype\mt-msa.cfg
File: mt-msa.cfg 2006/02/04 v1.1 microtype config. file: AMS symbols (a) (RS)
)
(C:\Program Files\MiKTeX\tex/latex/microtype\mt-msb.cfg
File: mt-msb.cfg 2005/06/01 v1.0 microtype config. file: AMS symbols (b) (RS)
)

[2]

[1]

[2] (proposal_york.toc

[3

])
\tf@toc=\write7
\openout7 = `proposal_york.toc'.



[4] (proposal_york.lot)
\tf@lot=\write8
\openout8 = `proposal_york.lot'.



[5

]


pdfTeX warning (ext4): destination with the same identifier (name{page.1}) has 
been already used, duplicate ignored
<to be read again> 
                   \relax 
l.229 
       [1

]


pdfTeX warning (ext4): destination with the same identifier (name{page.2}) has 
been already used, duplicate ignored
<to be read again> 
                   \relax 
l.267 
       [2]
Underfull \hbox (badness 10000) in paragraph at lines 308--308
[]|\OT1/ptm/m/n/12 (+20) Spatial Op-ti-
 []


Underfull \hbox (badness 1184) in paragraph at lines 308--308
[]|\OT1/ptm/m/n/12 (+20) Access, fair-ness,
 []


Underfull \hbox (badness 3291) in paragraph at lines 308--308
[]|\OT1/ptm/m/n/12 (+20) Equity-constrained MILP, re-gional
 []


Underfull \hbox (badness 1092) in paragraph at lines 308--308
[]|\OT1/ptm/m/n/12 (+20) Phased De-ploy-
 []


Underfull \hbox (badness 10000) in paragraph at lines 308--308
[]|\OT1/ptm/m/n/12 (+20) Meta-analysis,
 []



[3]

[4]

[5]

[6]

[7]

[8]

[9]

[10]

[11]

[12]
Underfull \hbox (badness 10000) in paragraph at lines 627--627
[]|\OT1/ptm/m/n/10 (+20) SF Bay
 []


Underfull \hbox (badness 10000) in paragraph at lines 628--628
[]|\OT1/ptm/m/n/10 (+20) Buenos
 []


Underfull \hbox (badness 10000) in paragraph at lines 629--629
[]|\OT1/ptm/m/n/10 (+20) W. Java,
 []


Underfull \hbox (badness 10000) in paragraph at lines 631--631
[]|\OT1/ptm/m/n/10 (+20) ADMM
 []


Underfull \hbox (badness 10000) in paragraph at lines 633--633
[]|\OT1/ptm/m/n/10 (+20) Wuhan,
 []


Overfull \hbox (2.49844pt too wide) in paragraph at lines 634--634
[]|\OT1/ptm/m/n/10 (-20) Benchmark| 
 []


Underfull \hbox (badness 10000) in paragraph at lines 635--635
[]|\OT1/ptm/m/n/10 (+20) NYC/Bay
 []


Underfull \hbox (badness 10000) in paragraph at lines 636--636
[]|\OT1/ptm/m/n/10 (+20) Virginia,
 []


Overfull \hbox (0.88165pt too wide) in paragraph at lines 644--644
[]|\OT1/ptm/m/n/10 (-20) Chongqing| 
 []


Underfull \hbox (badness 10000) in paragraph at lines 645--645
[]|\OT1/ptm/m/n/10 (+20) Ann
 []


Underfull \hbox (badness 10000) in paragraph at lines 658--658
[]|\OT1/ptm/m/n/10 (+20) Quebec,
 []


Underfull \hbox (badness 10000) in paragraph at lines 660--660
[]|\OT1/ptm/m/n/10 (+20) Seattle,
 []


Underfull \hbox (badness 10000) in paragraph at lines 666--666
[]|\OT1/ptm/m/n/10 (+20) SF Bay
 []


Underfull \hbox (badness 10000) in paragraph at lines 667--667
[]|\OT1/ptm/m/n/10 (+20) Glasgow,
 []


Underfull \hbox (badness 10000) in paragraph at lines 670--670
[]|\OT1/ptm/m/n/10 (+20) Surabaya,
 []


Underfull \hbox (badness 10000) in paragraph at lines 678--678
[]|\OT1/ptm/m/n/10 (+20) Ann
 []


Underfull \hbox (badness 10000) in paragraph at lines 680--680
[]|\OT1/ptm/m/n/10 (+20) Milan,
 []


Underfull \hbox (badness 2600) in paragraph at lines 682--682
[]|\OT1/ptm/m/n/10 (+20) San Fran-
 []


Underfull \hbox (badness 10000) in paragraph at lines 692--692
[]|\OT1/ptm/m/n/10 (+20) Austin,
 []


Overfull \hbox (2.49844pt too wide) in paragraph at lines 700--700
[]|\OT1/ptm/m/n/10 (-20) Benchmark| 
 []

[13] [14]

[15]

[16]
Overfull \hbox (0.12474pt too wide) in paragraph at lines 778--783
[]\OT1/ptm/m/n/12 (-20) What se-quenc-ing cri-te-ria and adap-tive de-ci-sion r
ules en-able ef-fec-tive, budget-
 []



[17]

[18]

[19]
Underfull \hbox (badness 10000) in paragraph at lines 887--887
[]|\OT1/ptm/m/n/12 (+20) Administrative (TAZ, cen-sus
 []



[20]

[21] (chapter7_body.tex

[22]

[23]

[24]

[25]
LaTeX Font Info:    Trying to load font information for TS1+ptm on input line 3
2.
 (C:\Program Files\MiKTeX\tex/latex/psnfss\ts1ptm.fd
File: ts1ptm.fd 2001/06/04 font definitions for TS1/ptm.
)

[26]

[27]

[28]
LaTeX Font Info:    Font shape `OT1/ptm/bx/n' in size <10> not available
(Font)              Font shape `OT1/ptm/b/n' tried instead on input line 143.
LaTeX Font Info:    Font shape `OT1/ptm/bx/n' in size <7.4> not available
(Font)              Font shape `OT1/ptm/b/n' tried instead on input line 143.
LaTeX Font Info:    Font shape `OT1/ptm/bx/n' in size <6> not available
(Font)              Font shape `OT1/ptm/b/n' tried instead on input line 143.

Underfull \hbox (badness 10000) in paragraph at lines 143--143
[]|\OT1/ptm/b/n/10 (+20) Planning
 []


Underfull \hbox (badness 4024) in paragraph at lines 143--143
[]|\OT1/ptm/b/n/10 (+20) Demand Mod-el-
 []


Underfull \hbox (badness 10000) in paragraph at lines 143--143
\OT1/ptm/m/n/10 (+20) Chang[]
 []


Underfull \hbox (badness 10000) in paragraph at lines 143--143
[]|\OT1/ptm/m/n/10 (+20) New York
 []


Underfull \hbox (badness 10000) in paragraph at lines 143--143
[]|[]\OT1/ptm/m/n/10 (+20) Iravani[]
 []


Underfull \hbox (badness 4454) in paragraph at lines 143--143
[]|\OT1/ptm/m/n/10 (+20) Hexagonal grid
 []


Underfull \hbox (badness 10000) in paragraph at lines 143--143
\OT1/ptm/m/n/10 (+20) Law[]
 []


Underfull \hbox (badness 4454) in paragraph at lines 143--143
[]|\OT1/ptm/m/n/10 (+20) Hexagonal grid
 []


Underfull \hbox (badness 10000) in paragraph at lines 143--143
[]|\OT1/ptm/m/n/10 (+20) Orange
 []


Underfull \hbox (badness 10000) in paragraph at lines 143--143
\OT1/ptm/m/n/10 (+20) Chang[]
 []


Underfull \hbox (badness 4454) in paragraph at lines 143--143
[]|\OT1/ptm/m/n/10 (+20) Hexagonal grid
 []


Underfull \hbox (badness 10000) in paragraph at lines 143--143
[]|\OT1/ptm/m/n/10 (+20) Orange
 []


Overfull \hbox (14.47658pt too wide) in paragraph at lines 143--143
[]|[]\OT1/ptm/m/n/10 (-20) Kavianipour
 []


Underfull \hbox (badness 10000) in paragraph at lines 143--143
\OT1/ptm/m/n/10 (+20) et al.[]
 []


Underfull \hbox (badness 3525) in paragraph at lines 143--143
\OT1/ptm/m/n/10 (+20) ing, queu-ing, de-
 []


Underfull \hbox (badness 10000) in paragraph at lines 143--143
[]|\OT1/ptm/m/n/10 (+20) Michigan,
 []


Underfull \hbox (badness 4291) in paragraph at lines 143--143
[]|[]\OT1/ptm/m/n/10 (+20) E. Seil-
 []


Underfull \hbox (badness 2368) in paragraph at lines 143--143
[]|\OT1/ptm/m/n/10 (+20) OD ta-ble + EV
 []


Underfull \hbox (badness 10000) in paragraph at lines 143--143
[]|\OT1/ptm/m/n/10 (+20) Sioux Falls,
 []


Overfull \hbox (4.76677pt too wide) in paragraph at lines 143--143
[]|[]\OT1/ptm/m/n/10 (-20) Karmaker
 []


Underfull \hbox (badness 10000) in paragraph at lines 143--143
\OT1/ptm/m/n/10 (+20) et al.[]
 []


Underfull \hbox (badness 10000) in paragraph at lines 143--143
[]|\OT1/ptm/m/n/10 (+20) City-level (Ad-
 []


Underfull \hbox (badness 1490) in paragraph at lines 143--143
\OT1/ptm/m/n/10 (+20) sur-vey + sim-u-la-
 []


Underfull \hbox (badness 10000) in paragraph at lines 143--143
[]|\OT1/ptm/m/n/10 (+20) Number/type of
 []


Underfull \hbox (badness 10000) in paragraph at lines 143--143
[]|\OT1/ptm/m/n/10 (+20) ACT, Aus-
 []


Underfull \hbox (badness 10000) in paragraph at lines 143--143
[]|[]\OT1/ptm/m/n/10 (+20) Bian
 []


Underfull \hbox (badness 10000) in paragraph at lines 143--143
\OT1/ptm/m/n/10 (+20) et al.[]
 []


Underfull \hbox (badness 10000) in paragraph at lines 143--143
[]|\OT1/ptm/m/n/10 (+20) Simulation (100
 []


Underfull \hbox (badness 10000) in paragraph at lines 143--143
[]|\OT1/ptm/m/n/10 (+20) Investment cost,
 []


Underfull \hbox (badness 10000) in paragraph at lines 143--143
[]|\OT1/ptm/m/n/10 (+20) Nanjing,
 []


Underfull \hbox (badness 10000) in paragraph at lines 143--143
[]|[]\OT1/ptm/m/n/10 (+20) Ullah
 []


Underfull \hbox (badness 10000) in paragraph at lines 143--143
\OT1/ptm/m/n/10 (+20) et al.[]
 []


Underfull \hbox (badness 1009) in paragraph at lines 143--143
[]|\OT1/ptm/m/n/10 (+20) Coverage, Prox-im-
 []


Underfull \hbox (badness 10000) in paragraph at lines 143--143
[]|\OT1/ptm/b/n/10 (+20) This
 []


Underfull \hbox (badness 10000) in paragraph at lines 143--143
\OT1/ptm/m/n/10 (+20) zones (de-rived
 []


Underfull \hbox (badness 10000) in paragraph at lines 143--143
\OT1/ptm/m/n/10 (+20) (EV den-sity +
 []


Underfull \hbox (badness 10000) in paragraph at lines 143--143
\OT1/ptm/m/n/10 (+20) charger ca-pac-ity),
 []


Underfull \hbox (badness 10000) in paragraph at lines 143--143
[]|\OT1/ptm/m/n/10 (+20) Toronto,
 []


LaTeX Warning: Reference `tab:road_classes' on page 29 undefined on input line 
234.



[29]

[30]

[31]

[32]
<images/arterial_zoning.pdf, id=819, 1084.05pt x 867.24pt>
File: images/arterial_zoning.pdf Graphic file (type pdf)
<use images/arterial_zoning.pdf>
Package pdftex.def Info: images/arterial_zoning.pdf  used on input line 335.
(pdftex.def)             Requested size: 390.25536pt x 165.45872pt.


Package hyperref Warning: Token not allowed in a PDF string (Unicode):
(hyperref)                removing `\gls' on input line 399.


Package hyperref Warning: Token not allowed in a PDF string (Unicode):
(hyperref)                removing `\gls' on input line 399.


Package hyperref Warning: Token not allowed in a PDF string (Unicode):
(hyperref)                removing `\gls' on input line 399.



[33 <./images/arterial_zoning.pdf>]

[34]

[35]

[36]

[37]

Package hyperref Warning: Token not allowed in a PDF string (Unicode):
(hyperref)                removing `math shift' on input line 558.


Package hyperref Warning: Token not allowed in a PDF string (Unicode):
(hyperref)                removing `math shift' on input line 558.



[38]

[39]

Package hyperref Warning: Token not allowed in a PDF string (Unicode):
(hyperref)                removing `\gls' on input line 633.



[40]
Package microtype Info: Loading generic protrusion settings for font family
(microtype)             `cmss' (encoding: OT1).
(microtype)             For optimal results, create family-specific settings.
(microtype)             See the microtype manual for details.


[41]

[42]

[43]

[44]

[45]

[46]

[47]
Package hyperref Info: bookmark level for unknown algorithm defaults to 0 on in
put line 938.


[48]

[49]

[50]

[51]

LaTeX Warning: Reference `tab:road_classes' on page 52 undefined on input line 
1096.



[52]
<images/Toronto_Centreline_JournalMap.pdf, id=1359, 845.1575pt x 597.23125pt>
File: images/Toronto_Centreline_JournalMap.pdf Graphic file (type pdf)
<use images/Toronto_Centreline_JournalMap.pdf>
Package pdftex.def Info: images/Toronto_Centreline_JournalMap.pdf  used on inpu
t line 1117.
(pdftex.def)             Requested size: 212.4753pt x 150.14583pt.
<images/Toronto_FSA_JournalMap.pdf, id=1362, 845.1575pt x 597.23125pt>
File: images/Toronto_FSA_JournalMap.pdf Graphic file (type pdf)
<use images/Toronto_FSA_JournalMap.pdf>
Package pdftex.def Info: images/Toronto_FSA_JournalMap.pdf  used on input line 
1127.
(pdftex.def)             Requested size: 212.4753pt x 150.14583pt.
<images/Toronto_arterial_zones_JournalMap.pdf, id=1375, 845.1575pt x 597.23125p
t>
File: images/Toronto_arterial_zones_JournalMap.pdf Graphic file (type pdf)
<use images/Toronto_arterial_zones_JournalMap.pdf>
Package pdftex.def Info: images/Toronto_arterial_zones_JournalMap.pdf  used on 
input line 1143.
(pdftex.def)             Requested size: 325.215pt x 229.82082pt.


[53]

Package hyperref Warning: Token not allowed in a PDF string (Unicode):
(hyperref)                removing `\gls' on input line 1147.

<images/Toronto_FSA_Arterial_intersections_JournalMap.pdf, id=1389, 845.1575pt 
x 597.23125pt>
File: images/Toronto_FSA_Arterial_intersections_JournalMap.pdf Graphic file (ty
pe pdf)
<use images/Toronto_FSA_Arterial_intersections_JournalMap.pdf>
Package pdftex.def Info: images/Toronto_FSA_Arterial_intersections_JournalMap.p
df  used on input line 1156.
(pdftex.def)             Requested size: 303.53267pt x 214.49275pt.

LaTeX Warning: Reference `tab:ev_density_stats' on page 54 undefined on input l
ine 1171.



[54 <./images/Toronto_Centreline_JournalMap.pdf> <./images/Toronto_FSA_JournalM
ap.pdf>]

[55 <./images/Toronto_arterial_zones_JournalMap.pdf> <./images/Toronto_FSA_Arte
rial_intersections_JournalMap.pdf>]
<images/Toronto_arterial_zones_BEV_densities_JournalMap.pdf, id=1439, 845.1575p
t x 597.23125pt>
File: images/Toronto_arterial_zones_BEV_densities_JournalMap.pdf Graphic file (
type pdf)
<use images/Toronto_arterial_zones_BEV_densities_JournalMap.pdf>
Package pdftex.def Info: images/Toronto_arterial_zones_BEV_densities_JournalMap
.pdf  used on input line 1182.
(pdftex.def)             Requested size: 212.4753pt x 150.14583pt.
LaTeX Font Info:    Font shape `OT1/ptm/bx/n' in size <10.95> not available
(Font)              Font shape `OT1/ptm/b/n' tried instead on input line 1184.
LaTeX Font Info:    Font shape `OT1/ptm/bx/n' in size <8> not available
(Font)              Font shape `OT1/ptm/b/n' tried instead on input line 1184.
<images/ev_density_distribution.pdf, id=1444, 240.04617pt x 150.46162pt>
File: images/ev_density_distribution.pdf Graphic file (type pdf)
<use images/ev_density_distribution.pdf>
Package pdftex.def Info: images/ev_density_distribution.pdf  used on input line
 1193.
(pdftex.def)             Requested size: 212.48663pt x 133.18721pt.


LaTeX Warning: Reference `tab:graph_overview' on page 56 undefined on input lin
e 1227.


LaTeX Warning: Reference `tab:top_degree' on page 56 undefined on input line 12
42.



[56 <./images/Toronto_arterial_zones_BEV_densities_JournalMap.pdf> <./images/ev
_density_distribution.pdf>]

LaTeX Warning: Reference `tab:communities' on page 57 undefined on input line 1
252.



[57]

LaTeX Warning: Reference `tab:top_betweenness' on page 58 undefined on input li
ne 1254.


LaTeX Warning: Reference `tab:top_closeness' on page 58 undefined on input line
 1254.


LaTeX Warning: Reference `tab:top_degree_centrality' on page 58 undefined on in
put line 1254.


LaTeX Warning: Reference `tab:local_maxima_set_list' on page 58 undefined on in
put line 1260.

<images/toronto_local_maxima.pdf, id=1511, 251.25822pt x 174.70715pt>
File: images/toronto_local_maxima.pdf Graphic file (type pdf)
<use images/toronto_local_maxima.pdf>
Package pdftex.def Info: images/toronto_local_maxima.pdf  used on input line 12
71.
(pdftex.def)             Requested size: 303.53267pt x 211.0604pt.


[58]

[59 <./images/toronto_local_maxima.pdf>]

LaTeX Warning: Reference `tab:ev_density_stats' on page 60 undefined on input l
ine 1287.

<images/strategy_ridges_avg_all.pdf, id=1569, 358.2777pt x 248.93225pt>
File: images/strategy_ridges_avg_all.pdf Graphic file (type pdf)
<use images/strategy_ridges_avg_all.pdf>
Package pdftex.def Info: images/strategy_ridges_avg_all.pdf  used on input line
 1294.
(pdftex.def)             Requested size: 138.76157pt x 96.41466pt.
<images/strategy_ridges_max_all.pdf, id=1570, 358.2777pt x 248.93225pt>
File: images/strategy_ridges_max_all.pdf Graphic file (type pdf)
<use images/strategy_ridges_max_all.pdf>
Package pdftex.def Info: images/strategy_ridges_max_all.pdf  used on input line
 1300.
(pdftex.def)             Requested size: 138.76157pt x 96.41466pt.
<images/strategy_ridges_median_all.pdf, id=1571, 358.2777pt x 248.93225pt>
File: images/strategy_ridges_median_all.pdf Graphic file (type pdf)
<use images/strategy_ridges_median_all.pdf>
Package pdftex.def Info: images/strategy_ridges_median_all.pdf  used on input l
ine 1306.
(pdftex.def)             Requested size: 138.76157pt x 96.41466pt.
<images/strategy_ridges_std_all.pdf, id=1572, 358.2777pt x 248.93225pt>
File: images/strategy_ridges_std_all.pdf Graphic file (type pdf)
<use images/strategy_ridges_std_all.pdf>
Package pdftex.def Info: images/strategy_ridges_std_all.pdf  used on input line
 1316.
(pdftex.def)             Requested size: 138.76157pt x 96.41466pt.

Underfull \hbox (badness 10000) in paragraph at lines 1317--1317
[]\OT1/ptm/m/n/10.95 (+20) (d) |Standard-deviation{based
 []

<images/strategy_ridges_laplacian_all.pdf, id=1573, 358.2777pt x 248.93225pt>
File: images/strategy_ridges_laplacian_all.pdf Graphic file (type pdf)
<use images/strategy_ridges_laplacian_all.pdf>
Package pdftex.def Info: images/strategy_ridges_laplacian_all.pdf  used on inpu
t line 1322.
(pdftex.def)             Requested size: 138.76157pt x 96.41466pt.
<images/ridges_all_strategies_overlay_same_color.pdf, id=1574, 358.2777pt x 248
.93225pt>
File: images/ridges_all_strategies_overlay_same_color.pdf Graphic file (type pd
f)
<use images/ridges_all_strategies_overlay_same_color.pdf>
Package pdftex.def Info: images/ridges_all_strategies_overlay_same_color.pdf  u
sed on input line 1328.
(pdftex.def)             Requested size: 138.76157pt x 96.41466pt.

Underfull \hbox (badness 2302) in paragraph at lines 1329--1329
[]\OT1/ptm/m/n/10.95 (+20) (f) |Over-lay of all strate-gies
 []



[60]

Package hyperref Warning: Token not allowed in a PDF string (Unicode):
(hyperref)                removing `\gls' on input line 1588.


LaTeX Warning: Reference `tab:flo_dcfc_full' on page 61 undefined on input line
 1590.

<images/Toronto_FLO_fastcharging_network_JournalMap.pdf, id=1592, 845.1575pt x 
597.23125pt>
File: images/Toronto_FLO_fastcharging_network_JournalMap.pdf Graphic file (type
 pdf)
<use images/Toronto_FLO_fastcharging_network_JournalMap.pdf>
Package pdftex.def Info: images/Toronto_FLO_fastcharging_network_JournalMap.pdf
  used on input line 1594.
(pdftex.def)             Requested size: 303.53267pt x 214.49275pt.

LaTeX Warning: Reference `tab:charger_region_summary' on page 61 undefined on i
nput line 1629.



[61 <./images/strategy_ridges_avg_all.pdf> <./images/strategy_ridges_max_all.pd
f> <./images/strategy_ridges_median_all.pdf> <./images/strategy_ridges_std_all.
pdf> <./images/strategy_ridges_laplacian_all.pdf> <./images/ridges_all_strategi
es_overlay_same_color.pdf>]

[62 <./images/Toronto_FLO_fastcharging_network_JournalMap.pdf>]

[63]
<images/toronto_map_random_chargers.pdf, id=1916, 1007.20241pt x 862.66241pt>
File: images/toronto_map_random_chargers.pdf Graphic file (type pdf)
<use images/toronto_map_random_chargers.pdf>
Package pdftex.def Info: images/toronto_map_random_chargers.pdf  used on input 
line 1828.
(pdftex.def)             Requested size: 303.53267pt x 231.92117pt.


[64 <./images/toronto_map_random_chargers.pdf>]

[65]

[66])

[67]

[68]
Underfull \hbox (badness 1910) in paragraph at lines 1044--1044
\OT1/ptm/m/n/12 (+20) struc-tion method; con-duct
 []


Underfull \hbox (badness 5147) in paragraph at lines 1044--1044
[]|\OT1/ptm/m/n/12 (+20) Finalize spa-tial align-ment
 []


Underfull \hbox (badness 1297) in paragraph at lines 1044--1044
\OT1/ptm/m/n/12 (+20) score; val-i-date against de-
 []


Underfull \hbox (badness 10000) in paragraph at lines 1044--1044
[]|\OT1/ptm/m/n/12 (+20) Formulate bi-objective
 []


Underfull \hbox (badness 10000) in paragraph at lines 1044--1044
\OT1/ptm/m/n/12 (+20) model; com-pute Pareto
 []


Underfull \hbox (badness 1688) in paragraph at lines 1044--1044
\OT1/ptm/m/n/12 (+20) fron-tier; be-gin multi-stage
 []


Underfull \hbox (badness 10000) in paragraph at lines 1044--1044
\OT1/ptm/m/n/12 (+20) ex-per-i-ments; com-par-i-son
 []


Underfull \hbox (badness 10000) in paragraph at lines 1044--1044
[]|\OT1/ptm/m/n/12 (+20) Dissertation manuscript;
 []



[69]

[70]

[71]

[72]
Underfull \hbox (badness 10000) in paragraph at lines 1260--1264
[]\OT1/ptm/m/n/12 (+20) Bertucci, J. P., Hof-man, T., and Salazar, M. (2026). S
i-mul-ta-ne-ous op-
 []


Underfull \hbox (badness 10000) in paragraph at lines 1260--1264
\OT1/ptm/m/n/12 (+20) ti-miza-tion of elec-tric ferry op-er-a-tions and charg-i
ng in-fras-truc-ture.
 []



[73]

[74] (ch7_bibitems.tex

[75]
Underfull \hbox (badness 1077) in paragraph at lines 65--68
[]\OT1/ptm/m/n/12 (+20) Zhou, Y., Levin, J., Zhang, L. (2018). Re-gional dis-pa
r-i-ties in EV pub-lic charg-
 []



[76]
Underfull \hbox (badness 1097) in paragraph at lines 92--95
[]\OT1/ptm/m/n/12 (+20) Ghosh, N., Mothilal Bha-ga-vathy, S., Thakur, J. (2022)
. Ac-cel-er-at-ing elec-tric ve-
 []


Underfull \hbox (badness 2680) in paragraph at lines 92--95
\OT1/ptm/m/n/12 (+20) hi-cle adop-tion: techno-economic as-sess-ment to mod-ify
 ex-ist-ing fuel sta-tions
 []


Underfull \hbox (badness 1189) in paragraph at lines 92--95
\OT1/ptm/m/n/12 (+20) with fast charg-ing in-fras-truc-ture. \OT1/ptm/m/it/12 (
+20) Clean Tech-nolo-gies and En-vi-ron-men-tal Pol-icy\OT1/ptm/m/n/12 (+20) .
 []


Underfull \hbox (badness 1389) in paragraph at lines 97--100
[]\OT1/ptm/m/n/12 (+20) Cai et al. (2024). An An-a-lyt-i-cal Frame-work for As-
sess-ing Eq-uity of Ac-cess to
 []



[77]
Underfull \hbox (badness 3724) in paragraph at lines 112--115
[]\OT1/ptm/m/n/12 (+20) Heo, J., Chang, S. (2024). Op-ti-mal plan-ning for elec
-tric ve-hi-cle fast charg-
 []


Underfull \hbox (badness 2644) in paragraph at lines 112--115
\OT1/ptm/m/n/12 (+20) ing sta-tions place-ments in a city scale us-ing an ad-va
n-tage actor-critic deep
 []


Underfull \hbox (badness 1975) in paragraph at lines 112--115
\OT1/ptm/m/n/12 (+20) re-in-force-ment learn-ing and geospa-tial anal-y-sis. \O
T1/ptm/m/it/12 (+20) Sus-tain-able Cities and So-ci-ety\OT1/ptm/m/n/12 (+20) .
 []


Underfull \hbox (badness 10000) in paragraph at lines 132--135
[]\OT1/ptm/m/n/12 (+20) Karmaker et al. (2025). Customer-centric meso-level pla
n-
 []


Underfull \hbox (badness 10000) in paragraph at lines 132--135
\OT1/ptm/m/n/12 (+20) ning for elec-tric ve-hi-cle charger dis-tri-bu-tion. \OT
1/ptm/m/it/12 (+20) Ap-plied En-ergy\OT1/ptm/m/n/12 (+20) .
 []



[78]
Underfull \hbox (badness 7740) in paragraph at lines 152--155
[]\OT1/ptm/m/n/12 (+20) Iravani, H. (2022). A mul-ti-cri-te-ria GIS-based decis
ion-making ap-proach for
 []


Underfull \hbox (badness 10000) in paragraph at lines 152--155
\OT1/ptm/m/n/12 (+20) lo-cat-ing elec-tric ve-hi-cle charg-ing sta-tions. \OT1/
ptm/m/it/12 (+20) Trans-porta-tion En-gi-neer-ing\OT1/ptm/m/n/12 (+20) .
 []


Underfull \hbox (badness 1502) in paragraph at lines 157--160
\OT1/ptm/m/n/12 (+20) ing sta-tion place-ments us-ing ma-chine learn-ing. \OT1/
ptm/m/it/12 (+20) Sus-tain-able Cities and So-ci-ety\OT1/ptm/m/n/12 (+20) .
 []


Underfull \hbox (badness 10000) in paragraph at lines 181--184
[]\OT1/ptm/m/n/12 (+20) Luo et al. (2024). In-no-va-tion dif-fu-sion in EV char
g-ing in-fras-truc-
 []


Underfull \hbox (badness 10000) in paragraph at lines 181--184
\OT1/ptm/m/n/12 (+20) ture. \OT1/ptm/m/it/12 (+20) Trans-porta-tion Re-search P
art C: Emerg-ing Tech-nolo-gies\OT1/ptm/m/n/12 (+20) .
 []



[79]
Underfull \hbox (badness 10000) in paragraph at lines 196--199
\OT1/cmtt/m/n/12 ca / census-[]recensement / 2021 / ref / dict / az / Definitio
n-[]eng . cfm ? ID = geo036$[]\OT1/ptm/m/n/12 (+20) .
 []

)

Package glossaries Warning: No \printglossary or \printglossaries found. 
(Remove \makeglossaries if you don't want any glossaries.) 
This document will not have a glossary.



[80] (proposal_york.aux)
 ***********
LaTeX2e <2025-06-01> patch level 1
L3 programming layer <2025-07-20>
 ***********


LaTeX Warning: There were undefined references.

Package rerunfilecheck Info: File `proposal_york.out' has not changed.
(rerunfilecheck)             Checksum: 27BD9483FB5ADFB6CF8D48FA0A6BB377;12420.
 ) 
Here is how much of TeX's memory you used:
 48314 strings out of 468134
 1071400 string characters out of 5440816
 1651665 words of memory out of 5000000
 75416 multiletter control sequences out of 15000+600000
 708930 words of font info for 431 fonts, out of 8000000 for 9000
 1141 hyphenation exceptions out of 8191
 84i,18n,91p,2498b,2022s stack positions out of 10000i,1000n,20000p,200000b,200000s

pdfTeX warning (dest): name{glo:afdc} has been referenced but does not exist, r
eplaced by a fixed one


pdfTeX warning (dest): name{glo:delta} has been referenced but does not exist, 
replaced by a fixed one


pdfTeX warning (dest): name{glo:sigmaR} has been referenced but does not exist,
 replaced by a fixed one


pdfTeX warning (dest): name{glo:muR} has been referenced but does not exist, re
placed by a fixed one


pdfTeX warning (dest): name{glo:M0} has been referenced but does not exist, rep
laced by a fixed one


pdfTeX warning (dest): name{glo:R} has been referenced but does not exist, repl
aced by a fixed one


pdfTeX warning (dest): name{glo:rhoChhatRandom} has been referenced but does no
t exist, replaced by a fixed one


pdfTeX warning (dest): name{glo:crstar} has been referenced but does not exist,
 replaced by a fixed one


pdfTeX warning (dest): name{glo:kcrandom} has been referenced but does not exis
t, replaced by a fixed one


pdfTeX warning (dest): name{glo:crandom} has been referenced but does not exist
, replaced by a fixed one


pdfTeX warning (dest): name{glo:VChrandom} has been referenced but does not exi
st, replaced by a fixed one


pdfTeX warning (dest): name{glo:Nplus} has been referenced but does not exist, 
replaced by a fixed one


pdfTeX warning (dest): name{glo:kcreal} has been referenced but does not exist,
 replaced by a fixed one


pdfTeX warning (dest): name{glo:creal} has been referenced but does not exist, 
replaced by a fixed one


pdfTeX warning (dest): name{glo:VChreal} has been referenced but does not exist
, replaced by a fixed one


pdfTeX warning (dest): name{glo:dvvstar} has been referenced but does not exist
, replaced by a fixed one


pdfTeX warning (dest): name{glo:cvstar} has been referenced but does not exist,
 replaced by a fixed one


pdfTeX warning (dest): name{glo:wpd} has been referenced but does not exist, re
placed by a fixed one


pdfTeX warning (dest): name{glo:SArhat} has been referenced but does not exist,
 replaced by a fixed one


pdfTeX warning (dest): name{glo:rhochhatj} has been referenced but does not exi
st, replaced by a fixed one


pdfTeX warning (dest): name{glo:SAr} has been referenced but does not exist, re
placed by a fixed one


pdfTeX warning (dest): name{glo:AAr} has been referenced but does not exist, re
placed by a fixed one


pdfTeX warning (dest): name{glo:rhoChj} has been referenced but does not exist,
 replaced by a fixed one


pdfTeX warning (dest): name{glo:CapArj} has been referenced but does not exist,
 replaced by a fixed one


pdfTeX warning (dest): name{glo:Cj} has been referenced but does not exist, rep
laced by a fixed one


pdfTeX warning (dest): name{glo:c} has been referenced but does not exist, repl
aced by a fixed one


pdfTeX warning (dest): name{glo:C} has been referenced but does not exist, repl
aced by a fixed one


pdfTeX warning (dest): name{glo:VRP} has been referenced but does not exist, re
placed by a fixed one


pdfTeX warning (dest): name{glo:rhoMin} has been referenced but does not exist,
 replaced by a fixed one


pdfTeX warning (dest): name{glo:alpha} has been referenced but does not exist, 
replaced by a fixed one


pdfTeX warning (dest): name{glo:diamG} has been referenced but does not exist, 
replaced by a fixed one


pdfTeX warning (dest): name{glo:dGuv} has been referenced but does not exist, r
eplaced by a fixed one


pdfTeX warning (dest): name{glo:L} has been referenced but does not exist, repl
aced by a fixed one


pdfTeX warning (dest): name{glo:Ct} has been referenced but does not exist, rep
laced by a fixed one


pdfTeX warning (dest): name{glo:eta} has been referenced but does not exist, re
placed by a fixed one


pdfTeX warning (dest): name{glo:St} has been referenced but does not exist, rep
laced by a fixed one


pdfTeX warning (dest): name{glo:Deltat} has been referenced but does not exist,
 replaced by a fixed one


pdfTeX warning (dest): name{glo:Dt} has been referenced but does not exist, rep
laced by a fixed one


pdfTeX warning (dest): name{glo:Nt} has been referenced but does not exist, rep
laced by a fixed one


pdfTeX warning (dest): name{glo:RP} has been referenced but does not exist, rep
laced by a fixed one


pdfTeX warning (dest): name{glo:Delta} has been referenced but does not exist, 
replaced by a fixed one


pdfTeX warning (dest): name{glo:rp_m} has been referenced but does not exist, r
eplaced by a fixed one


pdfTeX warning (dest): name{glo:M} has been referenced but does not exist, repl
aced by a fixed one


pdfTeX warning (dest): name{glo:nHop} has been referenced but does not exist, r
eplaced by a fixed one


pdfTeX warning (dest): name{glo:rhoArSmoothSet} has been referenced but does no
t exist, replaced by a fixed one


pdfTeX warning (dest): name{glo:WeightVector} has been referenced but does not 
exist, replaced by a fixed one


pdfTeX warning (dest): name{glo:rhoArSmooth} has been referenced but does not e
xist, replaced by a fixed one


pdfTeX warning (dest): name{glo:NeighborSetH} has been referenced but does not 
exist, replaced by a fixed one


pdfTeX warning (dest): name{glo:NeighborSet} has been referenced but does not e
xist, replaced by a fixed one


pdfTeX warning (dest): name{glo:PathPi} has been referenced but does not exist,
 replaced by a fixed one


pdfTeX warning (dest): name{glo:HopDistance} has been referenced but does not e
xist, replaced by a fixed one


pdfTeX warning (dest): name{glo:WeightedElement} has been referenced but does n
ot exist, replaced by a fixed one


pdfTeX warning (dest): name{glo:AdjacencyAjk} has been referenced but does not 
exist, replaced by a fixed one


pdfTeX warning (dest): name{glo:AdjacencyMatrix} has been referenced but does n
ot exist, replaced by a fixed one


pdfTeX warning (dest): name{glo:Length} has been referenced but does not exist,
 replaced by a fixed one


pdfTeX warning (dest): name{glo:Boundary} has been referenced but does not exis
t, replaced by a fixed one


pdfTeX warning (dest): name{glo:WeightMatrix} has been referenced but does not 
exist, replaced by a fixed one


pdfTeX warning (dest): name{glo:EdgeSet} has been referenced but does not exist
, replaced by a fixed one


pdfTeX warning (dest): name{glo:VertexSet} has been referenced but does not exi
st, replaced by a fixed one


pdfTeX warning (dest): name{glo:Centroid} has been referenced but does not exis
t, replaced by a fixed one


pdfTeX warning (dest): name{glo:VertexVj} has been referenced but does not exis
t, replaced by a fixed one


pdfTeX warning (dest): name{glo:GraphG} has been referenced but does not exist,
 replaced by a fixed one


pdfTeX warning (dest): name{glo:rhoArNormSet} has been referenced but does not 
exist, replaced by a fixed one


pdfTeX warning (dest): name{glo:rhoArHat} has been referenced but does not exis
t, replaced by a fixed one


pdfTeX warning (dest): name{glo:rhoAr} has been referenced but does not exist, 
replaced by a fixed one


pdfTeX warning (dest): name{glo:EVCArset} has been referenced but does not exis
t, replaced by a fixed one


pdfTeX warning (dest): name{glo:EVCAr} has been referenced but does not exist, 
replaced by a fixed one


pdfTeX warning (dest): name{glo:EVCcapset} has been referenced but does not exi
st, replaced by a fixed one


pdfTeX warning (dest): name{glo:EVCcap} has been referenced but does not exist,
 replaced by a fixed one


pdfTeX warning (dest): name{glo:Acapset} has been referenced but does not exist
, replaced by a fixed one


pdfTeX warning (dest): name{glo:Acap} has been referenced but does not exist, r
eplaced by a fixed one


pdfTeX warning (dest): name{glo:Area} has been referenced but does not exist, r
eplaced by a fixed one


pdfTeX warning (dest): name{glo:Zcapij} has been referenced but does not exist,
 replaced by a fixed one


pdfTeX warning (dest): name{glo:K} has been referenced but does not exist, repl
aced by a fixed one


pdfTeX warning (dest): name{glo:Zcap} has been referenced but does not exist, r
eplaced by a fixed one


pdfTeX warning (dest): name{glo:NAr} has been referenced but does not exist, re
placed by a fixed one


pdfTeX warning (dest): name{glo:J} has been referenced but does not exist, repl
aced by a fixed one


pdfTeX warning (dest): name{glo:ZArj} has been referenced but does not exist, r
eplaced by a fixed one


pdfTeX warning (dest): name{glo:ZAr} has been referenced but does not exist, re
placed by a fixed one


pdfTeX warning (dest): name{glo:EVC} has been referenced but does not exist, re
placed by a fixed one


pdfTeX warning (dest): name{glo:NFSA} has been referenced but does not exist, r
eplaced by a fixed one


pdfTeX warning (dest): name{glo:I} has been referenced but does not exist, repl
aced by a fixed one


pdfTeX warning (dest): name{glo:R2} has been referenced but does not exist, rep
laced by a fixed one


pdfTeX warning (dest): name{glo:ZFSA} has been referenced but does not exist, r
eplaced by a fixed one


pdfTeX warning (dest): name{glo:Zfsa} has been referenced but does not exist, r
eplaced by a fixed one


pdfTeX warning (dest): name{glo:wgs84} has been referenced but does not exist, 
replaced by a fixed one


pdfTeX warning (dest): name{glo:UTMsystem} has been referenced but does not exi
st, replaced by a fixed one


pdfTeX warning (dest): name{glo:tcl} has been referenced but does not exist, re
placed by a fixed one


pdfTeX warning (dest): name{glo:gis} has been referenced but does not exist, re
placed by a fixed one


pdfTeX warning (dest): name{glo:disseminationarea} has been referenced but does
 not exist, replaced by a fixed one


pdfTeX warning (dest): name{glo:taz} has been referenced but does not exist, re
placed by a fixed one


pdfTeX warning (dest): name{glo:censustract} has been referenced but does not e
xist, replaced by a fixed one


pdfTeX warning (dest): name{glo:climateenergyagendas} has been referenced but d
oes not exist, replaced by a fixed one


pdfTeX warning (dest): name{glo:microlevel} has been referenced but does not ex
ist, replaced by a fixed one


pdfTeX warning (dest): name{glo:mesolevel} has been referenced but does not exi
st, replaced by a fixed one


pdfTeX warning (dest): name{glo:macrolevel} has been referenced but does not ex
ist, replaced by a fixed one


pdfTeX warning (dest): name{glo:sustainablemobility} has been referenced but do
es not exist, replaced by a fixed one


pdfTeX warning (dest): name{glo:fc} has been referenced but does not exist, rep
laced by a fixed one


pdfTeX warning (dest): name{glo:netzero} has been referenced but does not exist
, replaced by a fixed one


pdfTeX warning (dest): name{glo:decarbonization} has been referenced but does n
ot exist, replaced by a fixed one


pdfTeX warning (dest): name{glo:dcfc} has been referenced but does not exist, r
eplaced by a fixed one


pdfTeX warning (dest): name{glo:bev} has been referenced but does not exist, re
placed by a fixed one


pdfTeX warning (dest): name{glo:fsa} has been referenced but does not exist, re
placed by a fixed one

<C:/Program Files/MiKTeX/fonts/type1/public/amsfonts/cm/cmex10.pfb><C:/Program 
Files/MiKTeX/fonts/type1/public/amsfonts/cm/cmmi10.pfb><C:/Program Files/MiKTeX
/fonts/type1/public/amsfonts/cm/cmr10.pfb><C:/Program Files/MiKTeX/fonts/type1/
public/amsfonts/cm/cmss12.pfb><C:/Program Files/MiKTeX/fonts/type1/public/amsfo
nts/cm/cmss8.pfb><C:/Program Files/MiKTeX/fonts/type1/public/amsfonts/cm/cmss9.
pfb><C:/Program Files/MiKTeX/fonts/type1/public/amsfonts/cm/cmsy10.pfb><C:/Prog
ram Files/MiKTeX/fonts/type1/public/amsfonts/cm/cmtt12.pfb><C:/Program Files/Mi
KTeX/fonts/type1/public/amsfonts/symbols/msam10.pfb><C:/Program Files/MiKTeX/fo
nts/type1/public/amsfonts/symbols/msbm10.pfb><C:/Program Files/MiKTeX/fonts/typ
e1/public/rsfs/rsfs10.pfb><C:/Program Files/MiKTeX/fonts/type1/urw/symbol/usyr.
pfb><C:/Program Files/MiKTeX/fonts/type1/urw/symbol/usyr.pfb><C:/Program Files/
MiKTeX/fonts/type1/urw/times/utmb8a.pfb><C:/Program Files/MiKTeX/fonts/type1/ur
w/times/utmr8a.pfb><C:/Program Files/MiKTeX/fonts/type1/urw/times/utmri8a.pfb>
Output written on proposal_york.pdf (87 pages, 16254406 bytes).
PDF statistics:
 2281 PDF objects out of 2487 (max. 8388607)
 418 named destinations out of 1000 (max. 500000)
 105486 words of extra memory for PDF output out of 106986 (max. 10000000)

